2016-11-26 11:42:18.097872|INFO    |ServerLibPriv |   |TeamSpeak 3 Server 3.0.13.4 (2016-08-29 12:39:04)
2016-11-26 11:42:18.100872|INFO    |ServerLibPriv |   |SystemInformation: Windows 7 SP1 (7601) x64 (AMD or Intel) Binary: 64bit
2016-11-26 11:42:18.101872|INFO    |ServerLibPriv |   |Using hardware aes
2016-11-26 11:42:18.110872|INFO    |DatabaseQuery |   |dbPlugin name:    SQLite3 plugin, Version 3, (c)TeamSpeak Systems GmbH
2016-11-26 11:42:18.111873|INFO    |DatabaseQuery |   |dbPlugin version: 3.11.1
2016-11-26 11:42:18.119873|INFO    |DatabaseQuery |   |checking database integrity (may take a while)
2016-11-26 11:42:18.157875|WARNING |Accounting    |   |Unable to find valid license key, falling back to limited functionality
2016-11-26 11:42:19.228936|INFO    |              |   |Puzzle precompute time: 996
2016-11-26 11:42:19.231937|INFO    |FileManager   |   |listening on 0.0.0.0:30033, :::30033
2016-11-26 11:42:19.254938|ERROR   |              |   |TS3ANetwork::ResolveHostName failed error: 11004 (Poadovan nzov je platn, no nenali sa iadne daje poadovanho typu. ) 11004
2016-11-26 11:42:19.254938|ERROR   |              |   |Could not open default UDP connection for weblist
2016-11-26 11:42:19.265939|INFO    |CIDRManager   |   |updated query_ip_whitelist ips: 127.0.0.1/32, ::1/128, 
2016-11-26 11:42:19.265939|INFO    |Query         |   |listening on 0.0.0.0:10011, :::10011
2016-11-26 11:42:19.332942|ERROR   |              |   |TS3ANetwork::ResolveHostName failed error: 11004 (Poadovan nzov je platn, no nenali sa iadne daje poadovanho typu. ) 11004
2016-11-26 11:42:19.337943|ERROR   |              |   |TS3ANetwork::ResolveHostName failed error: 11004 (Poadovan nzov je platn, no nenali sa iadne daje poadovanho typu. ) 11004
2016-11-26 11:42:19.342943|ERROR   |              |   |TS3ANetwork::ResolveHostName failed error: 11004 (Poadovan nzov je platn, no nenali sa iadne daje poadovanho typu. ) 11004
2016-11-26 11:42:19.347943|ERROR   |              |   |TS3ANetwork::ResolveHostName failed error: 11004 (Poadovan nzov je platn, no nenali sa iadne daje poadovanho typu. ) 11004
2016-11-26 11:42:19.351943|ERROR   |              |   |TS3ANetwork::ResolveHostName failed error: 11004 (Poadovan nzov je platn, no nenali sa iadne daje poadovanho typu. ) 11004
2016-11-26 11:42:19.356944|ERROR   |              |   |TS3ANetwork::ResolveHostName failed error: 11004 (Poadovan nzov je platn, no nenali sa iadne daje poadovanho typu. ) 11004
2016-11-26 11:42:19.361944|ERROR   |              |   |TS3ANetwork::ResolveHostName failed error: 11004 (Poadovan nzov je platn, no nenali sa iadne daje poadovanho typu. ) 11004
2016-11-26 11:42:19.365944|ERROR   |              |   |TS3ANetwork::ResolveHostName failed error: 11004 (Poadovan nzov je platn, no nenali sa iadne daje poadovanho typu. ) 11004
2016-11-26 11:42:19.370945|ERROR   |              |   |TS3ANetwork::ResolveHostName failed error: 11004 (Poadovan nzov je platn, no nenali sa iadne daje poadovanho typu. ) 11004
2016-11-26 11:42:19.374945|ERROR   |              |   |TS3ANetwork::ResolveHostName failed error: 11004 (Poadovan nzov je platn, no nenali sa iadne daje poadovanho typu. ) 11004
2016-11-26 11:42:19.379945|ERROR   |              |   |TS3ANetwork::ResolveHostName failed error: 11004 (Poadovan nzov je platn, no nenali sa iadne daje poadovanho typu. ) 11004
2016-11-26 11:42:19.384945|ERROR   |              |   |TS3ANetwork::ResolveHostName failed error: 11004 (Poadovan nzov je platn, no nenali sa iadne daje poadovanho typu. ) 11004
2016-11-26 11:42:19.388946|ERROR   |              |   |TS3ANetwork::ResolveHostName failed error: 11004 (Poadovan nzov je platn, no nenali sa iadne daje poadovanho typu. ) 11004
2016-11-26 11:42:19.393946|ERROR   |              |   |TS3ANetwork::ResolveHostName failed error: 11004 (Poadovan nzov je platn, no nenali sa iadne daje poadovanho typu. ) 11004
2016-11-26 11:42:19.398946|ERROR   |              |   |TS3ANetwork::ResolveHostName failed error: 11004 (Poadovan nzov je platn, no nenali sa iadne daje poadovanho typu. ) 11004
2016-11-26 11:42:19.402946|ERROR   |              |   |TS3ANetwork::ResolveHostName failed error: 11004 (Poadovan nzov je platn, no nenali sa iadne daje poadovanho typu. ) 11004
2016-11-26 11:42:19.408947|ERROR   |              |   |TS3ANetwork::ResolveHostName failed error: 11004 (Poadovan nzov je platn, no nenali sa iadne daje poadovanho typu. ) 11004
2016-11-26 11:42:19.413947|ERROR   |              |   |TS3ANetwork::ResolveHostName failed error: 11004 (Poadovan nzov je platn, no nenali sa iadne daje poadovanho typu. ) 11004
2016-11-26 11:42:19.418947|ERROR   |              |   |TS3ANetwork::ResolveHostName failed error: 11004 (Poadovan nzov je platn, no nenali sa iadne daje poadovanho typu. ) 11004
2016-11-26 11:42:19.422948|ERROR   |              |   |TS3ANetwork::ResolveHostName failed error: 11004 (Poadovan nzov je platn, no nenali sa iadne daje poadovanho typu. ) 11004
2016-11-26 11:42:19.427948|ERROR   |              |   |TS3ANetwork::ResolveHostName failed error: 11004 (Poadovan nzov je platn, no nenali sa iadne daje poadovanho typu. ) 11004
2016-11-26 11:42:19.432948|ERROR   |              |   |TS3ANetwork::ResolveHostName failed error: 11004 (Poadovan nzov je platn, no nenali sa iadne daje poadovanho typu. ) 11004
2016-11-26 11:42:19.436948|ERROR   |              |   |TS3ANetwork::ResolveHostName failed error: 11004 (Poadovan nzov je platn, no nenali sa iadne daje poadovanho typu. ) 11004
2016-11-26 11:42:19.441949|ERROR   |              |   |TS3ANetwork::ResolveHostName failed error: 11004 (Poadovan nzov je platn, no nenali sa iadne daje poadovanho typu. ) 11004
2016-11-26 11:42:19.445949|ERROR   |              |   |TS3ANetwork::ResolveHostName failed error: 11004 (Poadovan nzov je platn, no nenali sa iadne daje poadovanho typu. ) 11004
2016-11-26 11:42:19.449949|ERROR   |              |   |TS3ANetwork::ResolveHostName failed error: 11004 (Poadovan nzov je platn, no nenali sa iadne daje poadovanho typu. ) 11004
2016-11-26 11:42:19.454949|ERROR   |              |   |TS3ANetwork::ResolveHostName failed error: 11004 (Poadovan nzov je platn, no nenali sa iadne daje poadovanho typu. ) 11004
2016-11-26 11:42:19.458950|ERROR   |              |   |TS3ANetwork::ResolveHostName failed error: 11004 (Poadovan nzov je platn, no nenali sa iadne daje poadovanho typu. ) 11004
2016-11-26 11:42:19.463950|ERROR   |              |   |TS3ANetwork::ResolveHostName failed error: 11004 (Poadovan nzov je platn, no nenali sa iadne daje poadovanho typu. ) 11004
2016-11-26 11:42:19.468950|ERROR   |              |   |TS3ANetwork::ResolveHostName failed error: 11004 (Poadovan nzov je platn, no nenali sa iadne daje poadovanho typu. ) 11004
2016-11-26 11:42:19.473950|ERROR   |              |   |TS3ANetwork::ResolveHostName failed error: 11004 (Poadovan nzov je platn, no nenali sa iadne daje poadovanho typu. ) 11004
2016-11-26 11:42:19.477951|ERROR   |              |   |TS3ANetwork::ResolveHostName failed error: 11004 (Poadovan nzov je platn, no nenali sa iadne daje poadovanho typu. ) 11004
2016-11-26 11:42:19.482951|ERROR   |              |   |TS3ANetwork::ResolveHostName failed error: 11004 (Poadovan nzov je platn, no nenali sa iadne daje poadovanho typu. ) 11004
2016-11-26 11:42:19.486951|ERROR   |              |   |TS3ANetwork::ResolveHostName failed error: 11004 (Poadovan nzov je platn, no nenali sa iadne daje poadovanho typu. ) 11004
2016-11-26 11:42:19.491951|ERROR   |              |   |TS3ANetwork::ResolveHostName failed error: 11004 (Poadovan nzov je platn, no nenali sa iadne daje poadovanho typu. ) 11004
2016-11-26 11:42:19.496952|ERROR   |              |   |TS3ANetwork::ResolveHostName failed error: 11004 (Poadovan nzov je platn, no nenali sa iadne daje poadovanho typu. ) 11004
2016-11-26 11:42:19.500952|ERROR   |              |   |TS3ANetwork::ResolveHostName failed error: 11004 (Poadovan nzov je platn, no nenali sa iadne daje poadovanho typu. ) 11004
2016-11-26 11:42:19.505952|ERROR   |              |   |TS3ANetwork::ResolveHostName failed error: 11004 (Poadovan nzov je platn, no nenali sa iadne daje poadovanho typu. ) 11004
2016-11-26 11:42:19.510953|ERROR   |              |   |TS3ANetwork::ResolveHostName failed error: 11004 (Poadovan nzov je platn, no nenali sa iadne daje poadovanho typu. ) 11004
2016-11-26 11:42:19.514953|ERROR   |              |   |TS3ANetwork::ResolveHostName failed error: 11004 (Poadovan nzov je platn, no nenali sa iadne daje poadovanho typu. ) 11004
2016-11-26 11:42:19.519953|ERROR   |              |   |TS3ANetwork::ResolveHostName failed error: 11004 (Poadovan nzov je platn, no nenali sa iadne daje poadovanho typu. ) 11004
2016-11-26 11:42:19.523953|ERROR   |              |   |TS3ANetwork::ResolveHostName failed error: 11004 (Poadovan nzov je platn, no nenali sa iadne daje poadovanho typu. ) 11004
2016-11-26 11:42:19.528954|ERROR   |              |   |TS3ANetwork::ResolveHostName failed error: 11004 (Poadovan nzov je platn, no nenali sa iadne daje poadovanho typu. ) 11004
2016-11-26 11:42:19.532954|ERROR   |              |   |TS3ANetwork::ResolveHostName failed error: 11004 (Poadovan nzov je platn, no nenali sa iadne daje poadovanho typu. ) 11004
2016-11-26 11:42:19.537954|ERROR   |              |   |TS3ANetwork::ResolveHostName failed error: 11004 (Poadovan nzov je platn, no nenali sa iadne daje poadovanho typu. ) 11004
2016-11-26 11:42:19.541954|ERROR   |              |   |TS3ANetwork::ResolveHostName failed error: 11004 (Poadovan nzov je platn, no nenali sa iadne daje poadovanho typu. ) 11004
2016-11-26 11:42:19.546955|ERROR   |              |   |TS3ANetwork::ResolveHostName failed error: 11004 (Poadovan nzov je platn, no nenali sa iadne daje poadovanho typu. ) 11004
2016-11-26 11:42:19.551955|ERROR   |              |   |TS3ANetwork::ResolveHostName failed error: 11004 (Poadovan nzov je platn, no nenali sa iadne daje poadovanho typu. ) 11004
2016-11-26 11:42:19.556955|ERROR   |              |   |TS3ANetwork::ResolveHostName failed error: 11004 (Poadovan nzov je platn, no nenali sa iadne daje poadovanho typu. ) 11004
2016-11-26 11:42:19.560955|ERROR   |              |   |TS3ANetwork::ResolveHostName failed error: 11004 (Poadovan nzov je platn, no nenali sa iadne daje poadovanho typu. ) 11004
2016-11-26 11:42:19.564956|ERROR   |              |   |TS3ANetwork::ResolveHostName failed error: 11004 (Poadovan nzov je platn, no nenali sa iadne daje poadovanho typu. ) 11004
2016-11-26 11:42:19.569956|ERROR   |              |   |TS3ANetwork::ResolveHostName failed error: 11004 (Poadovan nzov je platn, no nenali sa iadne daje poadovanho typu. ) 11004
2016-11-26 11:42:19.573956|ERROR   |              |   |TS3ANetwork::ResolveHostName failed error: 11004 (Poadovan nzov je platn, no nenali sa iadne daje poadovanho typu. ) 11004
2016-11-26 11:42:19.579957|ERROR   |              |   |TS3ANetwork::ResolveHostName failed error: 11004 (Poadovan nzov je platn, no nenali sa iadne daje poadovanho typu. ) 11004
2016-11-26 11:42:19.583957|ERROR   |              |   |TS3ANetwork::ResolveHostName failed error: 11004 (Poadovan nzov je platn, no nenali sa iadne daje poadovanho typu. ) 11004
2016-11-26 11:42:19.587957|ERROR   |              |   |TS3ANetwork::ResolveHostName failed error: 11004 (Poadovan nzov je platn, no nenali sa iadne daje poadovanho typu. ) 11004
2016-11-26 11:42:19.593957|ERROR   |              |   |TS3ANetwork::ResolveHostName failed error: 11004 (Poadovan nzov je platn, no nenali sa iadne daje poadovanho typu. ) 11004
2016-11-26 11:42:19.597958|ERROR   |              |   |TS3ANetwork::ResolveHostName failed error: 11004 (Poadovan nzov je platn, no nenali sa iadne daje poadovanho typu. ) 11004
2016-11-26 11:42:19.602958|ERROR   |              |   |TS3ANetwork::ResolveHostName failed error: 11004 (Poadovan nzov je platn, no nenali sa iadne daje poadovanho typu. ) 11004
2016-11-26 11:42:19.606958|ERROR   |              |   |TS3ANetwork::ResolveHostName failed error: 11004 (Poadovan nzov je platn, no nenali sa iadne daje poadovanho typu. ) 11004
2016-11-26 11:42:19.611958|ERROR   |              |   |TS3ANetwork::ResolveHostName failed error: 11004 (Poadovan nzov je platn, no nenali sa iadne daje poadovanho typu. ) 11004
2016-11-26 11:42:19.615959|ERROR   |              |   |TS3ANetwork::ResolveHostName failed error: 11004 (Poadovan nzov je platn, no nenali sa iadne daje poadovanho typu. ) 11004
2016-11-26 11:42:19.621959|ERROR   |              |   |TS3ANetwork::ResolveHostName failed error: 11004 (Poadovan nzov je platn, no nenali sa iadne daje poadovanho typu. ) 11004
2016-11-26 11:42:19.625959|ERROR   |              |   |TS3ANetwork::ResolveHostName failed error: 11004 (Poadovan nzov je platn, no nenali sa iadne daje poadovanho typu. ) 11004
2016-11-26 11:42:19.629959|ERROR   |              |   |TS3ANetwork::ResolveHostName failed error: 11004 (Poadovan nzov je platn, no nenali sa iadne daje poadovanho typu. ) 11004
2016-11-26 11:42:19.634960|ERROR   |              |   |TS3ANetwork::ResolveHostName failed error: 11004 (Poadovan nzov je platn, no nenali sa iadne daje poadovanho typu. ) 11004
2016-11-26 11:42:19.639960|ERROR   |              |   |TS3ANetwork::ResolveHostName failed error: 11004 (Poadovan nzov je platn, no nenali sa iadne daje poadovanho typu. ) 11004
2016-11-26 11:42:19.644960|ERROR   |              |   |TS3ANetwork::ResolveHostName failed error: 11004 (Poadovan nzov je platn, no nenali sa iadne daje poadovanho typu. ) 11004
2016-11-26 11:42:19.648960|ERROR   |              |   |TS3ANetwork::ResolveHostName failed error: 11004 (Poadovan nzov je platn, no nenali sa iadne daje poadovanho typu. ) 11004
2016-11-26 11:42:19.653961|ERROR   |              |   |TS3ANetwork::ResolveHostName failed error: 11004 (Poadovan nzov je platn, no nenali sa iadne daje poadovanho typu. ) 11004
2016-11-26 11:42:19.657961|ERROR   |              |   |TS3ANetwork::ResolveHostName failed error: 11004 (Poadovan nzov je platn, no nenali sa iadne daje poadovanho typu. ) 11004
2016-11-26 11:42:19.662961|ERROR   |              |   |TS3ANetwork::ResolveHostName failed error: 11004 (Poadovan nzov je platn, no nenali sa iadne daje poadovanho typu. ) 11004
2016-11-26 11:42:19.666961|ERROR   |              |   |TS3ANetwork::ResolveHostName failed error: 11004 (Poadovan nzov je platn, no nenali sa iadne daje poadovanho typu. ) 11004
2016-11-26 11:42:19.671962|ERROR   |              |   |TS3ANetwork::ResolveHostName failed error: 11004 (Poadovan nzov je platn, no nenali sa iadne daje poadovanho typu. ) 11004
2016-11-26 11:42:19.676962|ERROR   |              |   |TS3ANetwork::ResolveHostName failed error: 11004 (Poadovan nzov je platn, no nenali sa iadne daje poadovanho typu. ) 11004
2016-11-26 11:42:19.680962|ERROR   |              |   |TS3ANetwork::ResolveHostName failed error: 11004 (Poadovan nzov je platn, no nenali sa iadne daje poadovanho typu. ) 11004
2016-11-26 11:42:19.685963|ERROR   |              |   |TS3ANetwork::ResolveHostName failed error: 11004 (Poadovan nzov je platn, no nenali sa iadne daje poadovanho typu. ) 11004
2016-11-26 11:42:19.689963|ERROR   |              |   |TS3ANetwork::ResolveHostName failed error: 11004 (Poadovan nzov je platn, no nenali sa iadne daje poadovanho typu. ) 11004
2016-11-26 11:42:19.694963|ERROR   |              |   |TS3ANetwork::ResolveHostName failed error: 11004 (Poadovan nzov je platn, no nenali sa iadne daje poadovanho typu. ) 11004
2016-11-26 11:42:19.699963|ERROR   |              |   |TS3ANetwork::ResolveHostName failed error: 11004 (Poadovan nzov je platn, no nenali sa iadne daje poadovanho typu. ) 11004
2016-11-26 11:42:19.704964|ERROR   |              |   |TS3ANetwork::ResolveHostName failed error: 11004 (Poadovan nzov je platn, no nenali sa iadne daje poadovanho typu. ) 11004
2016-11-26 11:42:19.708964|ERROR   |              |   |TS3ANetwork::ResolveHostName failed error: 11004 (Poadovan nzov je platn, no nenali sa iadne daje poadovanho typu. ) 11004
2016-11-26 11:42:19.713964|ERROR   |              |   |TS3ANetwork::ResolveHostName failed error: 11004 (Poadovan nzov je platn, no nenali sa iadne daje poadovanho typu. ) 11004
2016-11-26 11:42:19.717964|ERROR   |              |   |TS3ANetwork::ResolveHostName failed error: 11004 (Poadovan nzov je platn, no nenali sa iadne daje poadovanho typu. ) 11004
2016-11-26 11:42:19.722965|ERROR   |              |   |TS3ANetwork::ResolveHostName failed error: 11004 (Poadovan nzov je platn, no nenali sa iadne daje poadovanho typu. ) 11004
2016-11-26 11:42:19.726965|ERROR   |              |   |TS3ANetwork::ResolveHostName failed error: 11004 (Poadovan nzov je platn, no nenali sa iadne daje poadovanho typu. ) 11004
2016-11-26 11:42:19.731965|ERROR   |              |   |TS3ANetwork::ResolveHostName failed error: 11004 (Poadovan nzov je platn, no nenali sa iadne daje poadovanho typu. ) 11004
2016-11-26 11:42:19.735965|ERROR   |              |   |TS3ANetwork::ResolveHostName failed error: 11004 (Poadovan nzov je platn, no nenali sa iadne daje poadovanho typu. ) 11004
2016-11-26 11:42:19.740966|ERROR   |              |   |TS3ANetwork::ResolveHostName failed error: 11004 (Poadovan nzov je platn, no nenali sa iadne daje poadovanho typu. ) 11004
2016-11-26 11:42:19.745966|ERROR   |              |   |TS3ANetwork::ResolveHostName failed error: 11004 (Poadovan nzov je platn, no nenali sa iadne daje poadovanho typu. ) 11004
2016-11-26 11:42:19.749966|ERROR   |              |   |TS3ANetwork::ResolveHostName failed error: 11004 (Poadovan nzov je platn, no nenali sa iadne daje poadovanho typu. ) 11004
2016-11-26 11:42:19.756967|ERROR   |              |   |TS3ANetwork::ResolveHostName failed error: 11004 (Poadovan nzov je platn, no nenali sa iadne daje poadovanho typu. ) 11004
2016-11-26 11:42:19.761967|ERROR   |              |   |TS3ANetwork::ResolveHostName failed error: 11004 (Poadovan nzov je platn, no nenali sa iadne daje poadovanho typu. ) 11004
2016-11-26 11:42:19.765967|ERROR   |              |   |TS3ANetwork::ResolveHostName failed error: 11004 (Poadovan nzov je platn, no nenali sa iadne daje poadovanho typu. ) 11004
2016-11-26 11:42:19.770967|ERROR   |              |   |TS3ANetwork::ResolveHostName failed error: 11004 (Poadovan nzov je platn, no nenali sa iadne daje poadovanho typu. ) 11004
2016-11-26 11:42:19.775968|ERROR   |              |   |TS3ANetwork::ResolveHostName failed error: 11004 (Poadovan nzov je platn, no nenali sa iadne daje poadovanho typu. ) 11004
2016-11-26 11:42:19.779968|ERROR   |              |   |TS3ANetwork::ResolveHostName failed error: 11004 (Poadovan nzov je platn, no nenali sa iadne daje poadovanho typu. ) 11004
2016-11-26 11:42:19.784968|ERROR   |              |   |TS3ANetwork::ResolveHostName failed error: 11004 (Poadovan nzov je platn, no nenali sa iadne daje poadovanho typu. ) 11004
2016-11-26 11:42:19.788968|ERROR   |              |   |TS3ANetwork::ResolveHostName failed error: 11004 (Poadovan nzov je platn, no nenali sa iadne daje poadovanho typu. ) 11004
2016-11-26 11:42:19.788968|ERROR   |              |   |Could not open/bind UDP connection on 0.0.0.0 for weblist. Using default
2016-11-26 11:42:19.893974|ERROR   |              |   |TS3ANetwork::ResolveHostName failed error: 11004 (Poadovan nzov je platn, no nenali sa iadne daje poadovanho typu. ) 11004
