2017-02-08 17:14:56.915357|INFO    |ServerLibPriv |   |TeamSpeak 3 Server 3.0.13.4 (2016-08-29 12:39:04)
2017-02-08 17:14:56.918358|INFO    |ServerLibPriv |   |SystemInformation: Windows 7 SP1 (7601) x64 (AMD or Intel) Binary: 64bit
2017-02-08 17:14:56.918358|INFO    |ServerLibPriv |   |Using hardware aes
2017-02-08 17:14:56.928358|INFO    |DatabaseQuery |   |dbPlugin name:    SQLite3 plugin, Version 3, (c)TeamSpeak Systems GmbH
2017-02-08 17:14:56.928358|INFO    |DatabaseQuery |   |dbPlugin version: 3.11.1
2017-02-08 17:14:56.936359|INFO    |DatabaseQuery |   |checking database integrity (may take a while)
2017-02-08 17:14:57.000362|WARNING |Accounting    |   |Unable to find valid license key, falling back to limited functionality
2017-02-08 17:14:58.618455|INFO    |              |   |Puzzle precompute time: 1426
2017-02-08 17:14:58.642456|INFO    |FileManager   |   |listening on 0.0.0.0:30033, :::30033
2017-02-08 17:14:58.673458|ERROR   |              |   |TS3ANetwork::ResolveHostName failed error: 11001 (iadny takto hostite nie je znmy. ) 11001
2017-02-08 17:14:58.673458|ERROR   |              |   |Could not open default UDP connection for weblist
2017-02-08 17:14:58.723461|INFO    |CIDRManager   |   |updated query_ip_whitelist ips: 127.0.0.1/32, ::1/128, 
2017-02-08 17:14:58.734462|INFO    |Query         |   |listening on 0.0.0.0:10011, :::10011
2017-02-08 17:14:58.742462|ERROR   |              |   |TS3ANetwork::ResolveHostName failed error: 11001 (iadny takto hostite nie je znmy. ) 11001
2017-02-08 17:14:58.742462|ERROR   |              |   |TS3ANetwork::ResolveHostName failed error: 11001 (iadny takto hostite nie je znmy. ) 11001
2017-02-08 17:14:58.742462|ERROR   |              |   |TS3ANetwork::ResolveHostName failed error: 11001 (iadny takto hostite nie je znmy. ) 11001
2017-02-08 17:14:58.742462|ERROR   |              |   |TS3ANetwork::ResolveHostName failed error: 11001 (iadny takto hostite nie je znmy. ) 11001
2017-02-08 17:14:58.742462|ERROR   |              |   |TS3ANetwork::ResolveHostName failed error: 11001 (iadny takto hostite nie je znmy. ) 11001
2017-02-08 17:14:58.743462|ERROR   |              |   |TS3ANetwork::ResolveHostName failed error: 11001 (iadny takto hostite nie je znmy. ) 11001
2017-02-08 17:14:58.743462|ERROR   |              |   |TS3ANetwork::ResolveHostName failed error: 11001 (iadny takto hostite nie je znmy. ) 11001
2017-02-08 17:14:58.743462|ERROR   |              |   |TS3ANetwork::ResolveHostName failed error: 11001 (iadny takto hostite nie je znmy. ) 11001
2017-02-08 17:14:58.743462|ERROR   |              |   |TS3ANetwork::ResolveHostName failed error: 11001 (iadny takto hostite nie je znmy. ) 11001
2017-02-08 17:14:58.743462|ERROR   |              |   |TS3ANetwork::ResolveHostName failed error: 11001 (iadny takto hostite nie je znmy. ) 11001
2017-02-08 17:14:58.744462|ERROR   |              |   |TS3ANetwork::ResolveHostName failed error: 11001 (iadny takto hostite nie je znmy. ) 11001
2017-02-08 17:14:58.744462|ERROR   |              |   |TS3ANetwork::ResolveHostName failed error: 11001 (iadny takto hostite nie je znmy. ) 11001
2017-02-08 17:14:58.744462|ERROR   |              |   |TS3ANetwork::ResolveHostName failed error: 11001 (iadny takto hostite nie je znmy. ) 11001
2017-02-08 17:14:58.744462|ERROR   |              |   |TS3ANetwork::ResolveHostName failed error: 11001 (iadny takto hostite nie je znmy. ) 11001
2017-02-08 17:14:58.744462|ERROR   |              |   |TS3ANetwork::ResolveHostName failed error: 11001 (iadny takto hostite nie je znmy. ) 11001
2017-02-08 17:14:58.745462|ERROR   |              |   |TS3ANetwork::ResolveHostName failed error: 11001 (iadny takto hostite nie je znmy. ) 11001
2017-02-08 17:14:58.746462|ERROR   |              |   |TS3ANetwork::ResolveHostName failed error: 11001 (iadny takto hostite nie je znmy. ) 11001
2017-02-08 17:14:58.746462|ERROR   |              |   |TS3ANetwork::ResolveHostName failed error: 11001 (iadny takto hostite nie je znmy. ) 11001
2017-02-08 17:14:58.746462|ERROR   |              |   |TS3ANetwork::ResolveHostName failed error: 11001 (iadny takto hostite nie je znmy. ) 11001
2017-02-08 17:14:58.746462|ERROR   |              |   |TS3ANetwork::ResolveHostName failed error: 11001 (iadny takto hostite nie je znmy. ) 11001
2017-02-08 17:14:58.746462|ERROR   |              |   |TS3ANetwork::ResolveHostName failed error: 11001 (iadny takto hostite nie je znmy. ) 11001
2017-02-08 17:14:58.747462|ERROR   |              |   |TS3ANetwork::ResolveHostName failed error: 11001 (iadny takto hostite nie je znmy. ) 11001
2017-02-08 17:14:58.747462|ERROR   |              |   |TS3ANetwork::ResolveHostName failed error: 11001 (iadny takto hostite nie je znmy. ) 11001
2017-02-08 17:14:58.747462|ERROR   |              |   |TS3ANetwork::ResolveHostName failed error: 11001 (iadny takto hostite nie je znmy. ) 11001
2017-02-08 17:14:58.747462|ERROR   |              |   |TS3ANetwork::ResolveHostName failed error: 11001 (iadny takto hostite nie je znmy. ) 11001
2017-02-08 17:14:58.747462|ERROR   |              |   |TS3ANetwork::ResolveHostName failed error: 11001 (iadny takto hostite nie je znmy. ) 11001
2017-02-08 17:14:58.747462|ERROR   |              |   |TS3ANetwork::ResolveHostName failed error: 11001 (iadny takto hostite nie je znmy. ) 11001
2017-02-08 17:14:58.748462|ERROR   |              |   |TS3ANetwork::ResolveHostName failed error: 11001 (iadny takto hostite nie je znmy. ) 11001
2017-02-08 17:14:58.748462|ERROR   |              |   |TS3ANetwork::ResolveHostName failed error: 11001 (iadny takto hostite nie je znmy. ) 11001
2017-02-08 17:14:58.748462|ERROR   |              |   |TS3ANetwork::ResolveHostName failed error: 11001 (iadny takto hostite nie je znmy. ) 11001
2017-02-08 17:14:58.748462|ERROR   |              |   |TS3ANetwork::ResolveHostName failed error: 11001 (iadny takto hostite nie je znmy. ) 11001
2017-02-08 17:14:58.748462|ERROR   |              |   |TS3ANetwork::ResolveHostName failed error: 11001 (iadny takto hostite nie je znmy. ) 11001
2017-02-08 17:14:58.749462|ERROR   |              |   |TS3ANetwork::ResolveHostName failed error: 11001 (iadny takto hostite nie je znmy. ) 11001
2017-02-08 17:14:58.749462|ERROR   |              |   |TS3ANetwork::ResolveHostName failed error: 11001 (iadny takto hostite nie je znmy. ) 11001
2017-02-08 17:14:58.749462|ERROR   |              |   |TS3ANetwork::ResolveHostName failed error: 11001 (iadny takto hostite nie je znmy. ) 11001
2017-02-08 17:14:58.749462|ERROR   |              |   |TS3ANetwork::ResolveHostName failed error: 11001 (iadny takto hostite nie je znmy. ) 11001
2017-02-08 17:14:58.749462|ERROR   |              |   |TS3ANetwork::ResolveHostName failed error: 11001 (iadny takto hostite nie je znmy. ) 11001
2017-02-08 17:14:58.749462|ERROR   |              |   |TS3ANetwork::ResolveHostName failed error: 11001 (iadny takto hostite nie je znmy. ) 11001
2017-02-08 17:14:58.750462|ERROR   |              |   |TS3ANetwork::ResolveHostName failed error: 11001 (iadny takto hostite nie je znmy. ) 11001
2017-02-08 17:14:58.750462|ERROR   |              |   |TS3ANetwork::ResolveHostName failed error: 11001 (iadny takto hostite nie je znmy. ) 11001
2017-02-08 17:14:58.750462|ERROR   |              |   |TS3ANetwork::ResolveHostName failed error: 11001 (iadny takto hostite nie je znmy. ) 11001
2017-02-08 17:14:58.750462|ERROR   |              |   |TS3ANetwork::ResolveHostName failed error: 11001 (iadny takto hostite nie je znmy. ) 11001
2017-02-08 17:14:58.750462|ERROR   |              |   |TS3ANetwork::ResolveHostName failed error: 11001 (iadny takto hostite nie je znmy. ) 11001
2017-02-08 17:14:58.750462|ERROR   |              |   |TS3ANetwork::ResolveHostName failed error: 11001 (iadny takto hostite nie je znmy. ) 11001
2017-02-08 17:14:58.750462|ERROR   |              |   |TS3ANetwork::ResolveHostName failed error: 11001 (iadny takto hostite nie je znmy. ) 11001
2017-02-08 17:14:58.751462|ERROR   |              |   |TS3ANetwork::ResolveHostName failed error: 11001 (iadny takto hostite nie je znmy. ) 11001
2017-02-08 17:14:58.751462|ERROR   |              |   |TS3ANetwork::ResolveHostName failed error: 11001 (iadny takto hostite nie je znmy. ) 11001
2017-02-08 17:14:58.751462|ERROR   |              |   |TS3ANetwork::ResolveHostName failed error: 11001 (iadny takto hostite nie je znmy. ) 11001
2017-02-08 17:14:58.751462|ERROR   |              |   |TS3ANetwork::ResolveHostName failed error: 11001 (iadny takto hostite nie je znmy. ) 11001
2017-02-08 17:14:58.751462|ERROR   |              |   |TS3ANetwork::ResolveHostName failed error: 11001 (iadny takto hostite nie je znmy. ) 11001
2017-02-08 17:14:58.751462|ERROR   |              |   |TS3ANetwork::ResolveHostName failed error: 11001 (iadny takto hostite nie je znmy. ) 11001
2017-02-08 17:14:58.751462|ERROR   |              |   |TS3ANetwork::ResolveHostName failed error: 11001 (iadny takto hostite nie je znmy. ) 11001
2017-02-08 17:14:58.752463|ERROR   |              |   |TS3ANetwork::ResolveHostName failed error: 11001 (iadny takto hostite nie je znmy. ) 11001
2017-02-08 17:14:58.752463|ERROR   |              |   |TS3ANetwork::ResolveHostName failed error: 11001 (iadny takto hostite nie je znmy. ) 11001
2017-02-08 17:14:58.752463|ERROR   |              |   |TS3ANetwork::ResolveHostName failed error: 11001 (iadny takto hostite nie je znmy. ) 11001
2017-02-08 17:14:58.752463|ERROR   |              |   |TS3ANetwork::ResolveHostName failed error: 11001 (iadny takto hostite nie je znmy. ) 11001
2017-02-08 17:14:58.752463|ERROR   |              |   |TS3ANetwork::ResolveHostName failed error: 11001 (iadny takto hostite nie je znmy. ) 11001
2017-02-08 17:14:58.752463|ERROR   |              |   |TS3ANetwork::ResolveHostName failed error: 11001 (iadny takto hostite nie je znmy. ) 11001
2017-02-08 17:14:58.752463|ERROR   |              |   |TS3ANetwork::ResolveHostName failed error: 11001 (iadny takto hostite nie je znmy. ) 11001
2017-02-08 17:14:58.752463|ERROR   |              |   |TS3ANetwork::ResolveHostName failed error: 11001 (iadny takto hostite nie je znmy. ) 11001
2017-02-08 17:14:58.753463|ERROR   |              |   |TS3ANetwork::ResolveHostName failed error: 11001 (iadny takto hostite nie je znmy. ) 11001
2017-02-08 17:14:58.753463|ERROR   |              |   |TS3ANetwork::ResolveHostName failed error: 11001 (iadny takto hostite nie je znmy. ) 11001
2017-02-08 17:14:58.753463|ERROR   |              |   |TS3ANetwork::ResolveHostName failed error: 11001 (iadny takto hostite nie je znmy. ) 11001
2017-02-08 17:14:58.753463|ERROR   |              |   |TS3ANetwork::ResolveHostName failed error: 11001 (iadny takto hostite nie je znmy. ) 11001
2017-02-08 17:14:58.753463|ERROR   |              |   |TS3ANetwork::ResolveHostName failed error: 11001 (iadny takto hostite nie je znmy. ) 11001
2017-02-08 17:14:58.753463|ERROR   |              |   |TS3ANetwork::ResolveHostName failed error: 11001 (iadny takto hostite nie je znmy. ) 11001
2017-02-08 17:14:58.753463|ERROR   |              |   |TS3ANetwork::ResolveHostName failed error: 11001 (iadny takto hostite nie je znmy. ) 11001
2017-02-08 17:14:58.754463|ERROR   |              |   |TS3ANetwork::ResolveHostName failed error: 11001 (iadny takto hostite nie je znmy. ) 11001
2017-02-08 17:14:58.754463|ERROR   |              |   |TS3ANetwork::ResolveHostName failed error: 11001 (iadny takto hostite nie je znmy. ) 11001
2017-02-08 17:14:58.754463|ERROR   |              |   |TS3ANetwork::ResolveHostName failed error: 11001 (iadny takto hostite nie je znmy. ) 11001
2017-02-08 17:14:58.754463|ERROR   |              |   |TS3ANetwork::ResolveHostName failed error: 11001 (iadny takto hostite nie je znmy. ) 11001
2017-02-08 17:14:58.754463|ERROR   |              |   |TS3ANetwork::ResolveHostName failed error: 11001 (iadny takto hostite nie je znmy. ) 11001
2017-02-08 17:14:58.754463|ERROR   |              |   |TS3ANetwork::ResolveHostName failed error: 11001 (iadny takto hostite nie je znmy. ) 11001
2017-02-08 17:14:58.754463|ERROR   |              |   |TS3ANetwork::ResolveHostName failed error: 11001 (iadny takto hostite nie je znmy. ) 11001
2017-02-08 17:14:58.754463|ERROR   |              |   |TS3ANetwork::ResolveHostName failed error: 11001 (iadny takto hostite nie je znmy. ) 11001
2017-02-08 17:14:58.755463|ERROR   |              |   |TS3ANetwork::ResolveHostName failed error: 11001 (iadny takto hostite nie je znmy. ) 11001
2017-02-08 17:14:58.755463|ERROR   |              |   |TS3ANetwork::ResolveHostName failed error: 11001 (iadny takto hostite nie je znmy. ) 11001
2017-02-08 17:14:58.755463|ERROR   |              |   |TS3ANetwork::ResolveHostName failed error: 11001 (iadny takto hostite nie je znmy. ) 11001
2017-02-08 17:14:58.755463|ERROR   |              |   |TS3ANetwork::ResolveHostName failed error: 11001 (iadny takto hostite nie je znmy. ) 11001
2017-02-08 17:14:58.755463|ERROR   |              |   |TS3ANetwork::ResolveHostName failed error: 11001 (iadny takto hostite nie je znmy. ) 11001
2017-02-08 17:14:58.755463|ERROR   |              |   |TS3ANetwork::ResolveHostName failed error: 11001 (iadny takto hostite nie je znmy. ) 11001
2017-02-08 17:14:58.755463|ERROR   |              |   |TS3ANetwork::ResolveHostName failed error: 11001 (iadny takto hostite nie je znmy. ) 11001
2017-02-08 17:14:58.756463|ERROR   |              |   |TS3ANetwork::ResolveHostName failed error: 11001 (iadny takto hostite nie je znmy. ) 11001
2017-02-08 17:14:58.756463|ERROR   |              |   |TS3ANetwork::ResolveHostName failed error: 11001 (iadny takto hostite nie je znmy. ) 11001
2017-02-08 17:14:58.756463|ERROR   |              |   |TS3ANetwork::ResolveHostName failed error: 11001 (iadny takto hostite nie je znmy. ) 11001
2017-02-08 17:14:58.756463|ERROR   |              |   |TS3ANetwork::ResolveHostName failed error: 11001 (iadny takto hostite nie je znmy. ) 11001
2017-02-08 17:14:58.756463|ERROR   |              |   |TS3ANetwork::ResolveHostName failed error: 11001 (iadny takto hostite nie je znmy. ) 11001
2017-02-08 17:14:58.756463|ERROR   |              |   |TS3ANetwork::ResolveHostName failed error: 11001 (iadny takto hostite nie je znmy. ) 11001
2017-02-08 17:14:58.756463|ERROR   |              |   |TS3ANetwork::ResolveHostName failed error: 11001 (iadny takto hostite nie je znmy. ) 11001
2017-02-08 17:14:58.757463|ERROR   |              |   |TS3ANetwork::ResolveHostName failed error: 11001 (iadny takto hostite nie je znmy. ) 11001
2017-02-08 17:14:58.757463|ERROR   |              |   |TS3ANetwork::ResolveHostName failed error: 11001 (iadny takto hostite nie je znmy. ) 11001
2017-02-08 17:14:58.757463|ERROR   |              |   |TS3ANetwork::ResolveHostName failed error: 11001 (iadny takto hostite nie je znmy. ) 11001
2017-02-08 17:14:58.757463|ERROR   |              |   |TS3ANetwork::ResolveHostName failed error: 11001 (iadny takto hostite nie je znmy. ) 11001
2017-02-08 17:14:58.757463|ERROR   |              |   |TS3ANetwork::ResolveHostName failed error: 11001 (iadny takto hostite nie je znmy. ) 11001
2017-02-08 17:14:58.757463|ERROR   |              |   |TS3ANetwork::ResolveHostName failed error: 11001 (iadny takto hostite nie je znmy. ) 11001
2017-02-08 17:14:58.757463|ERROR   |              |   |TS3ANetwork::ResolveHostName failed error: 11001 (iadny takto hostite nie je znmy. ) 11001
2017-02-08 17:14:58.758463|ERROR   |              |   |TS3ANetwork::ResolveHostName failed error: 11001 (iadny takto hostite nie je znmy. ) 11001
2017-02-08 17:14:58.758463|ERROR   |              |   |TS3ANetwork::ResolveHostName failed error: 11001 (iadny takto hostite nie je znmy. ) 11001
2017-02-08 17:14:58.758463|ERROR   |              |   |TS3ANetwork::ResolveHostName failed error: 11001 (iadny takto hostite nie je znmy. ) 11001
2017-02-08 17:14:58.758463|ERROR   |              |   |Could not open/bind UDP connection on 0.0.0.0 for weblist. Using default
2017-02-08 17:14:58.775464|ERROR   |              |   |TS3ANetwork::ResolveHostName failed error: 11001 (iadny takto hostite nie je znmy. ) 11001
