2016-11-28 13:57:40.488809|INFO    |ServerLibPriv |   |TeamSpeak 3 Server 3.0.13.4 (2016-08-29 12:39:04)
2016-11-28 13:57:40.490809|INFO    |ServerLibPriv |   |SystemInformation: Windows 7 SP1 (7601) x64 (AMD or Intel) Binary: 64bit
2016-11-28 13:57:40.490809|INFO    |ServerLibPriv |   |Using hardware aes
2016-11-28 13:57:40.500809|INFO    |DatabaseQuery |   |dbPlugin name:    SQLite3 plugin, Version 3, (c)TeamSpeak Systems GmbH
2016-11-28 13:57:40.500809|INFO    |DatabaseQuery |   |dbPlugin version: 3.11.1
2016-11-28 13:57:40.506810|INFO    |DatabaseQuery |   |checking database integrity (may take a while)
2016-11-28 13:57:40.550812|WARNING |Accounting    |   |Unable to find valid license key, falling back to limited functionality
2016-11-28 13:57:41.508867|INFO    |              |   |Puzzle precompute time: 853
2016-11-28 13:57:41.510867|INFO    |FileManager   |   |listening on 0.0.0.0:30033, :::30033
2016-11-28 13:57:41.526868|ERROR   |              |   |TS3ANetwork::ResolveHostName failed error: 11004 (Poadovan nzov je platn, no nenali sa iadne daje poadovanho typu. ) 11004
2016-11-28 13:57:41.526868|ERROR   |              |   |Could not open default UDP connection for weblist
2016-11-28 13:57:41.536869|INFO    |CIDRManager   |   |updated query_ip_whitelist ips: 127.0.0.1/32, ::1/128, 
2016-11-28 13:57:41.537869|INFO    |Query         |   |listening on 0.0.0.0:10011, :::10011
2016-11-28 13:57:41.611873|ERROR   |              |   |TS3ANetwork::ResolveHostName failed error: 11004 (Poadovan nzov je platn, no nenali sa iadne daje poadovanho typu. ) 11004
2016-11-28 13:57:41.616873|ERROR   |              |   |TS3ANetwork::ResolveHostName failed error: 11004 (Poadovan nzov je platn, no nenali sa iadne daje poadovanho typu. ) 11004
2016-11-28 13:57:41.621873|ERROR   |              |   |TS3ANetwork::ResolveHostName failed error: 11004 (Poadovan nzov je platn, no nenali sa iadne daje poadovanho typu. ) 11004
2016-11-28 13:57:41.625874|ERROR   |              |   |TS3ANetwork::ResolveHostName failed error: 11004 (Poadovan nzov je platn, no nenali sa iadne daje poadovanho typu. ) 11004
2016-11-28 13:57:41.630874|ERROR   |              |   |TS3ANetwork::ResolveHostName failed error: 11004 (Poadovan nzov je platn, no nenali sa iadne daje poadovanho typu. ) 11004
2016-11-28 13:57:41.634874|ERROR   |              |   |TS3ANetwork::ResolveHostName failed error: 11004 (Poadovan nzov je platn, no nenali sa iadne daje poadovanho typu. ) 11004
2016-11-28 13:57:41.639875|ERROR   |              |   |TS3ANetwork::ResolveHostName failed error: 11004 (Poadovan nzov je platn, no nenali sa iadne daje poadovanho typu. ) 11004
2016-11-28 13:57:41.644875|ERROR   |              |   |TS3ANetwork::ResolveHostName failed error: 11004 (Poadovan nzov je platn, no nenali sa iadne daje poadovanho typu. ) 11004
2016-11-28 13:57:41.648875|ERROR   |              |   |TS3ANetwork::ResolveHostName failed error: 11004 (Poadovan nzov je platn, no nenali sa iadne daje poadovanho typu. ) 11004
2016-11-28 13:57:41.653875|ERROR   |              |   |TS3ANetwork::ResolveHostName failed error: 11004 (Poadovan nzov je platn, no nenali sa iadne daje poadovanho typu. ) 11004
2016-11-28 13:57:41.657876|ERROR   |              |   |TS3ANetwork::ResolveHostName failed error: 11004 (Poadovan nzov je platn, no nenali sa iadne daje poadovanho typu. ) 11004
2016-11-28 13:57:41.662876|ERROR   |              |   |TS3ANetwork::ResolveHostName failed error: 11004 (Poadovan nzov je platn, no nenali sa iadne daje poadovanho typu. ) 11004
2016-11-28 13:57:41.666876|ERROR   |              |   |TS3ANetwork::ResolveHostName failed error: 11004 (Poadovan nzov je platn, no nenali sa iadne daje poadovanho typu. ) 11004
2016-11-28 13:57:41.671876|ERROR   |              |   |TS3ANetwork::ResolveHostName failed error: 11004 (Poadovan nzov je platn, no nenali sa iadne daje poadovanho typu. ) 11004
2016-11-28 13:57:41.676877|ERROR   |              |   |TS3ANetwork::ResolveHostName failed error: 11004 (Poadovan nzov je platn, no nenali sa iadne daje poadovanho typu. ) 11004
2016-11-28 13:57:41.680877|ERROR   |              |   |TS3ANetwork::ResolveHostName failed error: 11004 (Poadovan nzov je platn, no nenali sa iadne daje poadovanho typu. ) 11004
2016-11-28 13:57:41.685877|ERROR   |              |   |TS3ANetwork::ResolveHostName failed error: 11004 (Poadovan nzov je platn, no nenali sa iadne daje poadovanho typu. ) 11004
2016-11-28 13:57:41.690877|ERROR   |              |   |TS3ANetwork::ResolveHostName failed error: 11004 (Poadovan nzov je platn, no nenali sa iadne daje poadovanho typu. ) 11004
2016-11-28 13:57:41.694878|ERROR   |              |   |TS3ANetwork::ResolveHostName failed error: 11004 (Poadovan nzov je platn, no nenali sa iadne daje poadovanho typu. ) 11004
2016-11-28 13:57:41.699878|ERROR   |              |   |TS3ANetwork::ResolveHostName failed error: 11004 (Poadovan nzov je platn, no nenali sa iadne daje poadovanho typu. ) 11004
2016-11-28 13:57:41.703878|ERROR   |              |   |TS3ANetwork::ResolveHostName failed error: 11004 (Poadovan nzov je platn, no nenali sa iadne daje poadovanho typu. ) 11004
2016-11-28 13:57:41.708878|ERROR   |              |   |TS3ANetwork::ResolveHostName failed error: 11004 (Poadovan nzov je platn, no nenali sa iadne daje poadovanho typu. ) 11004
2016-11-28 13:57:41.712879|ERROR   |              |   |TS3ANetwork::ResolveHostName failed error: 11004 (Poadovan nzov je platn, no nenali sa iadne daje poadovanho typu. ) 11004
2016-11-28 13:57:41.717879|ERROR   |              |   |TS3ANetwork::ResolveHostName failed error: 11004 (Poadovan nzov je platn, no nenali sa iadne daje poadovanho typu. ) 11004
2016-11-28 13:57:41.721879|ERROR   |              |   |TS3ANetwork::ResolveHostName failed error: 11004 (Poadovan nzov je platn, no nenali sa iadne daje poadovanho typu. ) 11004
2016-11-28 13:57:41.726879|ERROR   |              |   |TS3ANetwork::ResolveHostName failed error: 11004 (Poadovan nzov je platn, no nenali sa iadne daje poadovanho typu. ) 11004
2016-11-28 13:57:41.730880|ERROR   |              |   |TS3ANetwork::ResolveHostName failed error: 11004 (Poadovan nzov je platn, no nenali sa iadne daje poadovanho typu. ) 11004
2016-11-28 13:57:41.735880|ERROR   |              |   |TS3ANetwork::ResolveHostName failed error: 11004 (Poadovan nzov je platn, no nenali sa iadne daje poadovanho typu. ) 11004
2016-11-28 13:57:41.740880|ERROR   |              |   |TS3ANetwork::ResolveHostName failed error: 11004 (Poadovan nzov je platn, no nenali sa iadne daje poadovanho typu. ) 11004
2016-11-28 13:57:41.744881|ERROR   |              |   |TS3ANetwork::ResolveHostName failed error: 11004 (Poadovan nzov je platn, no nenali sa iadne daje poadovanho typu. ) 11004
2016-11-28 13:57:41.749881|ERROR   |              |   |TS3ANetwork::ResolveHostName failed error: 11004 (Poadovan nzov je platn, no nenali sa iadne daje poadovanho typu. ) 11004
2016-11-28 13:57:41.753881|ERROR   |              |   |TS3ANetwork::ResolveHostName failed error: 11004 (Poadovan nzov je platn, no nenali sa iadne daje poadovanho typu. ) 11004
2016-11-28 13:57:41.758881|ERROR   |              |   |TS3ANetwork::ResolveHostName failed error: 11004 (Poadovan nzov je platn, no nenali sa iadne daje poadovanho typu. ) 11004
2016-11-28 13:57:41.763882|ERROR   |              |   |TS3ANetwork::ResolveHostName failed error: 11004 (Poadovan nzov je platn, no nenali sa iadne daje poadovanho typu. ) 11004
2016-11-28 13:57:41.767882|ERROR   |              |   |TS3ANetwork::ResolveHostName failed error: 11004 (Poadovan nzov je platn, no nenali sa iadne daje poadovanho typu. ) 11004
2016-11-28 13:57:41.771882|ERROR   |              |   |TS3ANetwork::ResolveHostName failed error: 11004 (Poadovan nzov je platn, no nenali sa iadne daje poadovanho typu. ) 11004
2016-11-28 13:57:41.776882|ERROR   |              |   |TS3ANetwork::ResolveHostName failed error: 11004 (Poadovan nzov je platn, no nenali sa iadne daje poadovanho typu. ) 11004
2016-11-28 13:57:41.781883|ERROR   |              |   |TS3ANetwork::ResolveHostName failed error: 11004 (Poadovan nzov je platn, no nenali sa iadne daje poadovanho typu. ) 11004
2016-11-28 13:57:41.788883|ERROR   |              |   |TS3ANetwork::ResolveHostName failed error: 11004 (Poadovan nzov je platn, no nenali sa iadne daje poadovanho typu. ) 11004
2016-11-28 13:57:41.793883|ERROR   |              |   |TS3ANetwork::ResolveHostName failed error: 11004 (Poadovan nzov je platn, no nenali sa iadne daje poadovanho typu. ) 11004
2016-11-28 13:57:41.802884|ERROR   |              |   |TS3ANetwork::ResolveHostName failed error: 11004 (Poadovan nzov je platn, no nenali sa iadne daje poadovanho typu. ) 11004
2016-11-28 13:57:41.819885|ERROR   |              |   |TS3ANetwork::ResolveHostName failed error: 11004 (Poadovan nzov je platn, no nenali sa iadne daje poadovanho typu. ) 11004
2016-11-28 13:57:41.830885|ERROR   |              |   |TS3ANetwork::ResolveHostName failed error: 11004 (Poadovan nzov je platn, no nenali sa iadne daje poadovanho typu. ) 11004
2016-11-28 13:57:41.839886|ERROR   |              |   |TS3ANetwork::ResolveHostName failed error: 11004 (Poadovan nzov je platn, no nenali sa iadne daje poadovanho typu. ) 11004
2016-11-28 13:57:41.844886|ERROR   |              |   |TS3ANetwork::ResolveHostName failed error: 11004 (Poadovan nzov je platn, no nenali sa iadne daje poadovanho typu. ) 11004
2016-11-28 13:57:41.849887|ERROR   |              |   |TS3ANetwork::ResolveHostName failed error: 11004 (Poadovan nzov je platn, no nenali sa iadne daje poadovanho typu. ) 11004
2016-11-28 13:57:41.853887|ERROR   |              |   |TS3ANetwork::ResolveHostName failed error: 11004 (Poadovan nzov je platn, no nenali sa iadne daje poadovanho typu. ) 11004
2016-11-28 13:57:41.858887|ERROR   |              |   |TS3ANetwork::ResolveHostName failed error: 11004 (Poadovan nzov je platn, no nenali sa iadne daje poadovanho typu. ) 11004
2016-11-28 13:57:41.862887|ERROR   |              |   |TS3ANetwork::ResolveHostName failed error: 11004 (Poadovan nzov je platn, no nenali sa iadne daje poadovanho typu. ) 11004
2016-11-28 13:57:41.868888|ERROR   |              |   |TS3ANetwork::ResolveHostName failed error: 11004 (Poadovan nzov je platn, no nenali sa iadne daje poadovanho typu. ) 11004
2016-11-28 13:57:41.872888|ERROR   |              |   |TS3ANetwork::ResolveHostName failed error: 11004 (Poadovan nzov je platn, no nenali sa iadne daje poadovanho typu. ) 11004
2016-11-28 13:57:41.876888|ERROR   |              |   |TS3ANetwork::ResolveHostName failed error: 11004 (Poadovan nzov je platn, no nenali sa iadne daje poadovanho typu. ) 11004
2016-11-28 13:57:41.881888|ERROR   |              |   |TS3ANetwork::ResolveHostName failed error: 11004 (Poadovan nzov je platn, no nenali sa iadne daje poadovanho typu. ) 11004
2016-11-28 13:57:41.886889|ERROR   |              |   |TS3ANetwork::ResolveHostName failed error: 11004 (Poadovan nzov je platn, no nenali sa iadne daje poadovanho typu. ) 11004
2016-11-28 13:57:41.891889|ERROR   |              |   |TS3ANetwork::ResolveHostName failed error: 11004 (Poadovan nzov je platn, no nenali sa iadne daje poadovanho typu. ) 11004
2016-11-28 13:57:41.895889|ERROR   |              |   |TS3ANetwork::ResolveHostName failed error: 11004 (Poadovan nzov je platn, no nenali sa iadne daje poadovanho typu. ) 11004
2016-11-28 13:57:41.900889|ERROR   |              |   |TS3ANetwork::ResolveHostName failed error: 11004 (Poadovan nzov je platn, no nenali sa iadne daje poadovanho typu. ) 11004
2016-11-28 13:57:41.910890|ERROR   |              |   |TS3ANetwork::ResolveHostName failed error: 11004 (Poadovan nzov je platn, no nenali sa iadne daje poadovanho typu. ) 11004
2016-11-28 13:57:41.914890|ERROR   |              |   |TS3ANetwork::ResolveHostName failed error: 11004 (Poadovan nzov je platn, no nenali sa iadne daje poadovanho typu. ) 11004
2016-11-28 13:57:41.919891|ERROR   |              |   |TS3ANetwork::ResolveHostName failed error: 11004 (Poadovan nzov je platn, no nenali sa iadne daje poadovanho typu. ) 11004
2016-11-28 13:57:41.924891|ERROR   |              |   |TS3ANetwork::ResolveHostName failed error: 11004 (Poadovan nzov je platn, no nenali sa iadne daje poadovanho typu. ) 11004
2016-11-28 13:57:41.928891|ERROR   |              |   |TS3ANetwork::ResolveHostName failed error: 11004 (Poadovan nzov je platn, no nenali sa iadne daje poadovanho typu. ) 11004
2016-11-28 13:57:41.934891|ERROR   |              |   |TS3ANetwork::ResolveHostName failed error: 11004 (Poadovan nzov je platn, no nenali sa iadne daje poadovanho typu. ) 11004
2016-11-28 13:57:41.937892|ERROR   |              |   |TS3ANetwork::ResolveHostName failed error: 11004 (Poadovan nzov je platn, no nenali sa iadne daje poadovanho typu. ) 11004
2016-11-28 13:57:41.943892|ERROR   |              |   |TS3ANetwork::ResolveHostName failed error: 11004 (Poadovan nzov je platn, no nenali sa iadne daje poadovanho typu. ) 11004
2016-11-28 13:57:41.948892|ERROR   |              |   |TS3ANetwork::ResolveHostName failed error: 11004 (Poadovan nzov je platn, no nenali sa iadne daje poadovanho typu. ) 11004
2016-11-28 13:57:41.952892|ERROR   |              |   |TS3ANetwork::ResolveHostName failed error: 11004 (Poadovan nzov je platn, no nenali sa iadne daje poadovanho typu. ) 11004
2016-11-28 13:57:41.957893|ERROR   |              |   |TS3ANetwork::ResolveHostName failed error: 11004 (Poadovan nzov je platn, no nenali sa iadne daje poadovanho typu. ) 11004
2016-11-28 13:57:41.961893|ERROR   |              |   |TS3ANetwork::ResolveHostName failed error: 11004 (Poadovan nzov je platn, no nenali sa iadne daje poadovanho typu. ) 11004
2016-11-28 13:57:41.966893|ERROR   |              |   |TS3ANetwork::ResolveHostName failed error: 11004 (Poadovan nzov je platn, no nenali sa iadne daje poadovanho typu. ) 11004
2016-11-28 13:57:41.971894|ERROR   |              |   |TS3ANetwork::ResolveHostName failed error: 11004 (Poadovan nzov je platn, no nenali sa iadne daje poadovanho typu. ) 11004
2016-11-28 13:57:41.975894|ERROR   |              |   |TS3ANetwork::ResolveHostName failed error: 11004 (Poadovan nzov je platn, no nenali sa iadne daje poadovanho typu. ) 11004
2016-11-28 13:57:41.979894|ERROR   |              |   |TS3ANetwork::ResolveHostName failed error: 11004 (Poadovan nzov je platn, no nenali sa iadne daje poadovanho typu. ) 11004
2016-11-28 13:57:41.984894|ERROR   |              |   |TS3ANetwork::ResolveHostName failed error: 11004 (Poadovan nzov je platn, no nenali sa iadne daje poadovanho typu. ) 11004
2016-11-28 13:57:41.989895|ERROR   |              |   |TS3ANetwork::ResolveHostName failed error: 11004 (Poadovan nzov je platn, no nenali sa iadne daje poadovanho typu. ) 11004
2016-11-28 13:57:41.994895|ERROR   |              |   |TS3ANetwork::ResolveHostName failed error: 11004 (Poadovan nzov je platn, no nenali sa iadne daje poadovanho typu. ) 11004
2016-11-28 13:57:41.998895|ERROR   |              |   |TS3ANetwork::ResolveHostName failed error: 11004 (Poadovan nzov je platn, no nenali sa iadne daje poadovanho typu. ) 11004
2016-11-28 13:57:42.003895|ERROR   |              |   |TS3ANetwork::ResolveHostName failed error: 11004 (Poadovan nzov je platn, no nenali sa iadne daje poadovanho typu. ) 11004
2016-11-28 13:57:42.007896|ERROR   |              |   |TS3ANetwork::ResolveHostName failed error: 11004 (Poadovan nzov je platn, no nenali sa iadne daje poadovanho typu. ) 11004
2016-11-28 13:57:42.012896|ERROR   |              |   |TS3ANetwork::ResolveHostName failed error: 11004 (Poadovan nzov je platn, no nenali sa iadne daje poadovanho typu. ) 11004
2016-11-28 13:57:42.017896|ERROR   |              |   |TS3ANetwork::ResolveHostName failed error: 11004 (Poadovan nzov je platn, no nenali sa iadne daje poadovanho typu. ) 11004
2016-11-28 13:57:42.021896|ERROR   |              |   |TS3ANetwork::ResolveHostName failed error: 11004 (Poadovan nzov je platn, no nenali sa iadne daje poadovanho typu. ) 11004
2016-11-28 13:57:42.026897|ERROR   |              |   |TS3ANetwork::ResolveHostName failed error: 11004 (Poadovan nzov je platn, no nenali sa iadne daje poadovanho typu. ) 11004
2016-11-28 13:57:42.030897|ERROR   |              |   |TS3ANetwork::ResolveHostName failed error: 11004 (Poadovan nzov je platn, no nenali sa iadne daje poadovanho typu. ) 11004
2016-11-28 13:57:42.035897|ERROR   |              |   |TS3ANetwork::ResolveHostName failed error: 11004 (Poadovan nzov je platn, no nenali sa iadne daje poadovanho typu. ) 11004
2016-11-28 13:57:42.040897|ERROR   |              |   |TS3ANetwork::ResolveHostName failed error: 11004 (Poadovan nzov je platn, no nenali sa iadne daje poadovanho typu. ) 11004
2016-11-28 13:57:42.044898|ERROR   |              |   |TS3ANetwork::ResolveHostName failed error: 11004 (Poadovan nzov je platn, no nenali sa iadne daje poadovanho typu. ) 11004
2016-11-28 13:57:42.048898|ERROR   |              |   |TS3ANetwork::ResolveHostName failed error: 11004 (Poadovan nzov je platn, no nenali sa iadne daje poadovanho typu. ) 11004
2016-11-28 13:57:42.053898|ERROR   |              |   |TS3ANetwork::ResolveHostName failed error: 11004 (Poadovan nzov je platn, no nenali sa iadne daje poadovanho typu. ) 11004
2016-11-28 13:57:42.058898|ERROR   |              |   |TS3ANetwork::ResolveHostName failed error: 11004 (Poadovan nzov je platn, no nenali sa iadne daje poadovanho typu. ) 11004
2016-11-28 13:57:42.062899|ERROR   |              |   |TS3ANetwork::ResolveHostName failed error: 11004 (Poadovan nzov je platn, no nenali sa iadne daje poadovanho typu. ) 11004
2016-11-28 13:57:42.067899|ERROR   |              |   |TS3ANetwork::ResolveHostName failed error: 11004 (Poadovan nzov je platn, no nenali sa iadne daje poadovanho typu. ) 11004
2016-11-28 13:57:42.071899|ERROR   |              |   |TS3ANetwork::ResolveHostName failed error: 11004 (Poadovan nzov je platn, no nenali sa iadne daje poadovanho typu. ) 11004
2016-11-28 13:57:42.076900|ERROR   |              |   |TS3ANetwork::ResolveHostName failed error: 11004 (Poadovan nzov je platn, no nenali sa iadne daje poadovanho typu. ) 11004
2016-11-28 13:57:42.080900|ERROR   |              |   |TS3ANetwork::ResolveHostName failed error: 11004 (Poadovan nzov je platn, no nenali sa iadne daje poadovanho typu. ) 11004
2016-11-28 13:57:42.085900|ERROR   |              |   |TS3ANetwork::ResolveHostName failed error: 11004 (Poadovan nzov je platn, no nenali sa iadne daje poadovanho typu. ) 11004
2016-11-28 13:57:42.090900|ERROR   |              |   |TS3ANetwork::ResolveHostName failed error: 11004 (Poadovan nzov je platn, no nenali sa iadne daje poadovanho typu. ) 11004
2016-11-28 13:57:42.094901|ERROR   |              |   |TS3ANetwork::ResolveHostName failed error: 11004 (Poadovan nzov je platn, no nenali sa iadne daje poadovanho typu. ) 11004
2016-11-28 13:57:42.102901|ERROR   |              |   |TS3ANetwork::ResolveHostName failed error: 11004 (Poadovan nzov je platn, no nenali sa iadne daje poadovanho typu. ) 11004
2016-11-28 13:57:42.102901|ERROR   |              |   |Could not open/bind UDP connection on 0.0.0.0 for weblist. Using default
2016-11-28 13:57:42.206907|ERROR   |              |   |TS3ANetwork::ResolveHostName failed error: 11004 (Poadovan nzov je platn, no nenali sa iadne daje poadovanho typu. ) 11004
