2017-01-19 12:35:10.197860|INFO    |ServerLibPriv |   |TeamSpeak 3 Server 3.0.13.4 (2016-08-29 12:39:04)
2017-01-19 12:35:10.200860|INFO    |ServerLibPriv |   |SystemInformation: Windows 7 SP1 (7601) x64 (AMD or Intel) Binary: 64bit
2017-01-19 12:35:10.200860|INFO    |ServerLibPriv |   |Using hardware aes
2017-01-19 12:35:10.210861|INFO    |DatabaseQuery |   |dbPlugin name:    SQLite3 plugin, Version 3, (c)TeamSpeak Systems GmbH
2017-01-19 12:35:10.210861|INFO    |DatabaseQuery |   |dbPlugin version: 3.11.1
2017-01-19 12:35:10.216861|INFO    |DatabaseQuery |   |checking database integrity (may take a while)
2017-01-19 12:35:10.267864|WARNING |Accounting    |   |Unable to find valid license key, falling back to limited functionality
2017-01-19 12:35:11.488934|INFO    |              |   |Puzzle precompute time: 1119
2017-01-19 12:35:11.514935|INFO    |FileManager   |   |listening on 0.0.0.0:30033, :::30033
2017-01-19 12:35:11.599940|ERROR   |              |   |TS3ANetwork::ResolveHostName failed error: 11001 (iadny takto hostite nie je znmy. ) 11001
2017-01-19 12:35:11.599940|ERROR   |              |   |Could not open default UDP connection for weblist
2017-01-19 12:35:11.673945|INFO    |CIDRManager   |   |updated query_ip_whitelist ips: 127.0.0.1/32, ::1/128, 
2017-01-19 12:35:11.675945|INFO    |Query         |   |listening on 0.0.0.0:10011, :::10011
2017-01-19 12:35:11.695946|ERROR   |              |   |TS3ANetwork::ResolveHostName failed error: 11001 (iadny takto hostite nie je znmy. ) 11001
2017-01-19 12:35:11.695946|ERROR   |              |   |TS3ANetwork::ResolveHostName failed error: 11001 (iadny takto hostite nie je znmy. ) 11001
2017-01-19 12:35:11.696946|ERROR   |              |   |TS3ANetwork::ResolveHostName failed error: 11001 (iadny takto hostite nie je znmy. ) 11001
2017-01-19 12:35:11.696946|ERROR   |              |   |TS3ANetwork::ResolveHostName failed error: 11001 (iadny takto hostite nie je znmy. ) 11001
2017-01-19 12:35:11.697946|ERROR   |              |   |TS3ANetwork::ResolveHostName failed error: 11001 (iadny takto hostite nie je znmy. ) 11001
2017-01-19 12:35:11.701946|ERROR   |              |   |TS3ANetwork::ResolveHostName failed error: 11001 (iadny takto hostite nie je znmy. ) 11001
2017-01-19 12:35:11.705946|ERROR   |              |   |TS3ANetwork::ResolveHostName failed error: 11001 (iadny takto hostite nie je znmy. ) 11001
2017-01-19 12:35:11.706946|ERROR   |              |   |TS3ANetwork::ResolveHostName failed error: 11001 (iadny takto hostite nie je znmy. ) 11001
2017-01-19 12:35:11.707946|ERROR   |              |   |TS3ANetwork::ResolveHostName failed error: 11001 (iadny takto hostite nie je znmy. ) 11001
2017-01-19 12:35:11.708947|ERROR   |              |   |TS3ANetwork::ResolveHostName failed error: 11001 (iadny takto hostite nie je znmy. ) 11001
2017-01-19 12:35:11.711947|ERROR   |              |   |TS3ANetwork::ResolveHostName failed error: 11001 (iadny takto hostite nie je znmy. ) 11001
2017-01-19 12:35:11.726948|ERROR   |              |   |TS3ANetwork::ResolveHostName failed error: 11001 (iadny takto hostite nie je znmy. ) 11001
2017-01-19 12:35:11.729948|ERROR   |              |   |TS3ANetwork::ResolveHostName failed error: 11001 (iadny takto hostite nie je znmy. ) 11001
2017-01-19 12:35:11.729948|ERROR   |              |   |TS3ANetwork::ResolveHostName failed error: 11001 (iadny takto hostite nie je znmy. ) 11001
2017-01-19 12:35:11.730948|ERROR   |              |   |TS3ANetwork::ResolveHostName failed error: 11001 (iadny takto hostite nie je znmy. ) 11001
2017-01-19 12:35:11.732948|ERROR   |              |   |TS3ANetwork::ResolveHostName failed error: 11001 (iadny takto hostite nie je znmy. ) 11001
2017-01-19 12:35:11.745949|ERROR   |              |   |TS3ANetwork::ResolveHostName failed error: 11001 (iadny takto hostite nie je znmy. ) 11001
2017-01-19 12:35:11.749949|ERROR   |              |   |TS3ANetwork::ResolveHostName failed error: 11001 (iadny takto hostite nie je znmy. ) 11001
2017-01-19 12:35:11.749949|ERROR   |              |   |TS3ANetwork::ResolveHostName failed error: 11001 (iadny takto hostite nie je znmy. ) 11001
2017-01-19 12:35:11.749949|ERROR   |              |   |TS3ANetwork::ResolveHostName failed error: 11001 (iadny takto hostite nie je znmy. ) 11001
2017-01-19 12:35:11.750949|ERROR   |              |   |TS3ANetwork::ResolveHostName failed error: 11001 (iadny takto hostite nie je znmy. ) 11001
2017-01-19 12:35:11.750949|ERROR   |              |   |TS3ANetwork::ResolveHostName failed error: 11001 (iadny takto hostite nie je znmy. ) 11001
2017-01-19 12:35:11.751949|ERROR   |              |   |TS3ANetwork::ResolveHostName failed error: 11001 (iadny takto hostite nie je znmy. ) 11001
2017-01-19 12:35:11.751949|ERROR   |              |   |TS3ANetwork::ResolveHostName failed error: 11001 (iadny takto hostite nie je znmy. ) 11001
2017-01-19 12:35:11.753949|ERROR   |              |   |TS3ANetwork::ResolveHostName failed error: 11001 (iadny takto hostite nie je znmy. ) 11001
2017-01-19 12:35:11.753949|ERROR   |              |   |TS3ANetwork::ResolveHostName failed error: 11001 (iadny takto hostite nie je znmy. ) 11001
2017-01-19 12:35:11.754949|ERROR   |              |   |TS3ANetwork::ResolveHostName failed error: 11001 (iadny takto hostite nie je znmy. ) 11001
2017-01-19 12:35:11.754949|ERROR   |              |   |TS3ANetwork::ResolveHostName failed error: 11001 (iadny takto hostite nie je znmy. ) 11001
2017-01-19 12:35:11.754949|ERROR   |              |   |TS3ANetwork::ResolveHostName failed error: 11001 (iadny takto hostite nie je znmy. ) 11001
2017-01-19 12:35:11.754949|ERROR   |              |   |TS3ANetwork::ResolveHostName failed error: 11001 (iadny takto hostite nie je znmy. ) 11001
2017-01-19 12:35:11.754949|ERROR   |              |   |TS3ANetwork::ResolveHostName failed error: 11001 (iadny takto hostite nie je znmy. ) 11001
2017-01-19 12:35:11.754949|ERROR   |              |   |TS3ANetwork::ResolveHostName failed error: 11001 (iadny takto hostite nie je znmy. ) 11001
2017-01-19 12:35:11.755949|ERROR   |              |   |TS3ANetwork::ResolveHostName failed error: 11001 (iadny takto hostite nie je znmy. ) 11001
2017-01-19 12:35:11.755949|ERROR   |              |   |TS3ANetwork::ResolveHostName failed error: 11001 (iadny takto hostite nie je znmy. ) 11001
2017-01-19 12:35:11.759949|ERROR   |              |   |TS3ANetwork::ResolveHostName failed error: 11001 (iadny takto hostite nie je znmy. ) 11001
2017-01-19 12:35:11.760949|ERROR   |              |   |TS3ANetwork::ResolveHostName failed error: 11001 (iadny takto hostite nie je znmy. ) 11001
2017-01-19 12:35:11.760949|ERROR   |              |   |TS3ANetwork::ResolveHostName failed error: 11001 (iadny takto hostite nie je znmy. ) 11001
2017-01-19 12:35:11.760949|ERROR   |              |   |TS3ANetwork::ResolveHostName failed error: 11001 (iadny takto hostite nie je znmy. ) 11001
2017-01-19 12:35:11.761950|ERROR   |              |   |TS3ANetwork::ResolveHostName failed error: 11001 (iadny takto hostite nie je znmy. ) 11001
2017-01-19 12:35:11.762950|ERROR   |              |   |TS3ANetwork::ResolveHostName failed error: 11001 (iadny takto hostite nie je znmy. ) 11001
2017-01-19 12:35:11.785951|ERROR   |              |   |TS3ANetwork::ResolveHostName failed error: 11001 (iadny takto hostite nie je znmy. ) 11001
2017-01-19 12:35:11.790951|ERROR   |              |   |TS3ANetwork::ResolveHostName failed error: 11001 (iadny takto hostite nie je znmy. ) 11001
2017-01-19 12:35:11.793951|ERROR   |              |   |TS3ANetwork::ResolveHostName failed error: 11001 (iadny takto hostite nie je znmy. ) 11001
2017-01-19 12:35:11.795951|ERROR   |              |   |TS3ANetwork::ResolveHostName failed error: 11001 (iadny takto hostite nie je znmy. ) 11001
2017-01-19 12:35:11.795951|ERROR   |              |   |TS3ANetwork::ResolveHostName failed error: 11001 (iadny takto hostite nie je znmy. ) 11001
2017-01-19 12:35:11.796952|ERROR   |              |   |TS3ANetwork::ResolveHostName failed error: 11001 (iadny takto hostite nie je znmy. ) 11001
2017-01-19 12:35:11.799952|ERROR   |              |   |TS3ANetwork::ResolveHostName failed error: 11001 (iadny takto hostite nie je znmy. ) 11001
2017-01-19 12:35:11.803952|ERROR   |              |   |TS3ANetwork::ResolveHostName failed error: 11001 (iadny takto hostite nie je znmy. ) 11001
2017-01-19 12:35:11.806952|ERROR   |              |   |TS3ANetwork::ResolveHostName failed error: 11001 (iadny takto hostite nie je znmy. ) 11001
2017-01-19 12:35:11.807952|ERROR   |              |   |TS3ANetwork::ResolveHostName failed error: 11001 (iadny takto hostite nie je znmy. ) 11001
2017-01-19 12:35:11.807952|ERROR   |              |   |TS3ANetwork::ResolveHostName failed error: 11001 (iadny takto hostite nie je znmy. ) 11001
2017-01-19 12:35:11.808952|ERROR   |              |   |TS3ANetwork::ResolveHostName failed error: 11001 (iadny takto hostite nie je znmy. ) 11001
2017-01-19 12:35:11.808952|ERROR   |              |   |TS3ANetwork::ResolveHostName failed error: 11001 (iadny takto hostite nie je znmy. ) 11001
2017-01-19 12:35:11.809952|ERROR   |              |   |TS3ANetwork::ResolveHostName failed error: 11001 (iadny takto hostite nie je znmy. ) 11001
2017-01-19 12:35:11.809952|ERROR   |              |   |TS3ANetwork::ResolveHostName failed error: 11001 (iadny takto hostite nie je znmy. ) 11001
2017-01-19 12:35:11.810952|ERROR   |              |   |TS3ANetwork::ResolveHostName failed error: 11001 (iadny takto hostite nie je znmy. ) 11001
2017-01-19 12:35:11.810952|ERROR   |              |   |TS3ANetwork::ResolveHostName failed error: 11001 (iadny takto hostite nie je znmy. ) 11001
2017-01-19 12:35:11.811952|ERROR   |              |   |TS3ANetwork::ResolveHostName failed error: 11001 (iadny takto hostite nie je znmy. ) 11001
2017-01-19 12:35:11.811952|ERROR   |              |   |TS3ANetwork::ResolveHostName failed error: 11001 (iadny takto hostite nie je znmy. ) 11001
2017-01-19 12:35:11.811952|ERROR   |              |   |TS3ANetwork::ResolveHostName failed error: 11001 (iadny takto hostite nie je znmy. ) 11001
2017-01-19 12:35:11.812952|ERROR   |              |   |TS3ANetwork::ResolveHostName failed error: 11001 (iadny takto hostite nie je znmy. ) 11001
2017-01-19 12:35:11.812952|ERROR   |              |   |TS3ANetwork::ResolveHostName failed error: 11001 (iadny takto hostite nie je znmy. ) 11001
2017-01-19 12:35:11.813953|ERROR   |              |   |TS3ANetwork::ResolveHostName failed error: 11001 (iadny takto hostite nie je znmy. ) 11001
2017-01-19 12:35:11.813953|ERROR   |              |   |TS3ANetwork::ResolveHostName failed error: 11001 (iadny takto hostite nie je znmy. ) 11001
2017-01-19 12:35:11.814953|ERROR   |              |   |TS3ANetwork::ResolveHostName failed error: 11001 (iadny takto hostite nie je znmy. ) 11001
2017-01-19 12:35:11.815953|ERROR   |              |   |TS3ANetwork::ResolveHostName failed error: 11001 (iadny takto hostite nie je znmy. ) 11001
2017-01-19 12:35:11.816953|ERROR   |              |   |TS3ANetwork::ResolveHostName failed error: 11001 (iadny takto hostite nie je znmy. ) 11001
2017-01-19 12:35:11.816953|ERROR   |              |   |TS3ANetwork::ResolveHostName failed error: 11001 (iadny takto hostite nie je znmy. ) 11001
2017-01-19 12:35:11.816953|ERROR   |              |   |TS3ANetwork::ResolveHostName failed error: 11001 (iadny takto hostite nie je znmy. ) 11001
2017-01-19 12:35:11.816953|ERROR   |              |   |TS3ANetwork::ResolveHostName failed error: 11001 (iadny takto hostite nie je znmy. ) 11001
2017-01-19 12:35:11.817953|ERROR   |              |   |TS3ANetwork::ResolveHostName failed error: 11001 (iadny takto hostite nie je znmy. ) 11001
2017-01-19 12:35:11.818953|ERROR   |              |   |TS3ANetwork::ResolveHostName failed error: 11001 (iadny takto hostite nie je znmy. ) 11001
2017-01-19 12:35:11.819953|ERROR   |              |   |TS3ANetwork::ResolveHostName failed error: 11001 (iadny takto hostite nie je znmy. ) 11001
2017-01-19 12:35:11.819953|ERROR   |              |   |TS3ANetwork::ResolveHostName failed error: 11001 (iadny takto hostite nie je znmy. ) 11001
2017-01-19 12:35:11.821953|ERROR   |              |   |TS3ANetwork::ResolveHostName failed error: 11001 (iadny takto hostite nie je znmy. ) 11001
2017-01-19 12:35:11.834954|ERROR   |              |   |TS3ANetwork::ResolveHostName failed error: 11001 (iadny takto hostite nie je znmy. ) 11001
2017-01-19 12:35:11.835954|ERROR   |              |   |TS3ANetwork::ResolveHostName failed error: 11001 (iadny takto hostite nie je znmy. ) 11001
2017-01-19 12:35:11.835954|ERROR   |              |   |TS3ANetwork::ResolveHostName failed error: 11001 (iadny takto hostite nie je znmy. ) 11001
2017-01-19 12:35:11.835954|ERROR   |              |   |TS3ANetwork::ResolveHostName failed error: 11001 (iadny takto hostite nie je znmy. ) 11001
2017-01-19 12:35:11.835954|ERROR   |              |   |TS3ANetwork::ResolveHostName failed error: 11001 (iadny takto hostite nie je znmy. ) 11001
2017-01-19 12:35:11.835954|ERROR   |              |   |TS3ANetwork::ResolveHostName failed error: 11001 (iadny takto hostite nie je znmy. ) 11001
2017-01-19 12:35:11.836954|ERROR   |              |   |TS3ANetwork::ResolveHostName failed error: 11001 (iadny takto hostite nie je znmy. ) 11001
2017-01-19 12:35:11.837954|ERROR   |              |   |TS3ANetwork::ResolveHostName failed error: 11001 (iadny takto hostite nie je znmy. ) 11001
2017-01-19 12:35:11.839954|ERROR   |              |   |TS3ANetwork::ResolveHostName failed error: 11001 (iadny takto hostite nie je znmy. ) 11001
2017-01-19 12:35:11.840954|ERROR   |              |   |TS3ANetwork::ResolveHostName failed error: 11001 (iadny takto hostite nie je znmy. ) 11001
2017-01-19 12:35:11.841954|ERROR   |              |   |TS3ANetwork::ResolveHostName failed error: 11001 (iadny takto hostite nie je znmy. ) 11001
2017-01-19 12:35:11.841954|ERROR   |              |   |TS3ANetwork::ResolveHostName failed error: 11001 (iadny takto hostite nie je znmy. ) 11001
2017-01-19 12:35:11.841954|ERROR   |              |   |TS3ANetwork::ResolveHostName failed error: 11001 (iadny takto hostite nie je znmy. ) 11001
2017-01-19 12:35:11.841954|ERROR   |              |   |TS3ANetwork::ResolveHostName failed error: 11001 (iadny takto hostite nie je znmy. ) 11001
2017-01-19 12:35:11.842954|ERROR   |              |   |TS3ANetwork::ResolveHostName failed error: 11001 (iadny takto hostite nie je znmy. ) 11001
2017-01-19 12:35:11.842954|ERROR   |              |   |TS3ANetwork::ResolveHostName failed error: 11001 (iadny takto hostite nie je znmy. ) 11001
2017-01-19 12:35:11.843954|ERROR   |              |   |TS3ANetwork::ResolveHostName failed error: 11001 (iadny takto hostite nie je znmy. ) 11001
2017-01-19 12:35:11.843954|ERROR   |              |   |TS3ANetwork::ResolveHostName failed error: 11001 (iadny takto hostite nie je znmy. ) 11001
2017-01-19 12:35:11.843954|ERROR   |              |   |TS3ANetwork::ResolveHostName failed error: 11001 (iadny takto hostite nie je znmy. ) 11001
2017-01-19 12:35:11.843954|ERROR   |              |   |TS3ANetwork::ResolveHostName failed error: 11001 (iadny takto hostite nie je znmy. ) 11001
2017-01-19 12:35:11.843954|ERROR   |              |   |TS3ANetwork::ResolveHostName failed error: 11001 (iadny takto hostite nie je znmy. ) 11001
2017-01-19 12:35:11.843954|ERROR   |              |   |TS3ANetwork::ResolveHostName failed error: 11001 (iadny takto hostite nie je znmy. ) 11001
2017-01-19 12:35:11.843954|ERROR   |              |   |TS3ANetwork::ResolveHostName failed error: 11001 (iadny takto hostite nie je znmy. ) 11001
2017-01-19 12:35:11.844954|ERROR   |              |   |TS3ANetwork::ResolveHostName failed error: 11001 (iadny takto hostite nie je znmy. ) 11001
2017-01-19 12:35:11.844954|ERROR   |              |   |Could not open/bind UDP connection on 0.0.0.0 for weblist. Using default
2017-01-19 12:35:11.944960|ERROR   |              |   |TS3ANetwork::ResolveHostName failed error: 11001 (iadny takto hostite nie je znmy. ) 11001
