2017-01-25 15:39:04.696143|INFO    |ServerLibPriv |   |TeamSpeak 3 Server 3.0.13.4 (2016-08-29 12:39:04)
2017-01-25 15:39:04.699143|INFO    |ServerLibPriv |   |SystemInformation: Windows 7 SP1 (7601) x64 (AMD or Intel) Binary: 64bit
2017-01-25 15:39:04.699143|INFO    |ServerLibPriv |   |Using hardware aes
2017-01-25 15:39:04.713144|INFO    |DatabaseQuery |   |dbPlugin name:    SQLite3 plugin, Version 3, (c)TeamSpeak Systems GmbH
2017-01-25 15:39:04.714144|INFO    |DatabaseQuery |   |dbPlugin version: 3.11.1
2017-01-25 15:39:04.724145|INFO    |DatabaseQuery |   |checking database integrity (may take a while)
2017-01-25 15:39:04.779148|WARNING |Accounting    |   |Unable to find valid license key, falling back to limited functionality
2017-01-25 15:39:05.987217|INFO    |              |   |Puzzle precompute time: 1066
2017-01-25 15:39:06.028219|INFO    |FileManager   |   |listening on 0.0.0.0:30033, :::30033
2017-01-25 15:39:06.622253|ERROR   |              |   |TS3ANetwork::ResolveHostName failed error: 11004 (Poadovan nzov je platn, no nenali sa iadne daje poadovanho typu. ) 11004
2017-01-25 15:39:06.622253|ERROR   |              |   |Could not open default UDP connection for weblist
2017-01-25 15:39:06.684257|INFO    |CIDRManager   |   |updated query_ip_whitelist ips: 127.0.0.1/32, ::1/128, 
2017-01-25 15:39:06.689257|INFO    |Query         |   |listening on 0.0.0.0:10011, :::10011
2017-01-25 15:39:06.702258|ERROR   |              |   |TS3ANetwork::ResolveHostName failed error: 11004 (Poadovan nzov je platn, no nenali sa iadne daje poadovanho typu. ) 11004
2017-01-25 15:39:06.706258|ERROR   |              |   |TS3ANetwork::ResolveHostName failed error: 11004 (Poadovan nzov je platn, no nenali sa iadne daje poadovanho typu. ) 11004
2017-01-25 15:39:06.712258|ERROR   |              |   |TS3ANetwork::ResolveHostName failed error: 11004 (Poadovan nzov je platn, no nenali sa iadne daje poadovanho typu. ) 11004
2017-01-25 15:39:06.716259|ERROR   |              |   |TS3ANetwork::ResolveHostName failed error: 11004 (Poadovan nzov je platn, no nenali sa iadne daje poadovanho typu. ) 11004
2017-01-25 15:39:06.720259|ERROR   |              |   |TS3ANetwork::ResolveHostName failed error: 11004 (Poadovan nzov je platn, no nenali sa iadne daje poadovanho typu. ) 11004
2017-01-25 15:39:06.725259|ERROR   |              |   |TS3ANetwork::ResolveHostName failed error: 11004 (Poadovan nzov je platn, no nenali sa iadne daje poadovanho typu. ) 11004
2017-01-25 15:39:06.729259|ERROR   |              |   |TS3ANetwork::ResolveHostName failed error: 11004 (Poadovan nzov je platn, no nenali sa iadne daje poadovanho typu. ) 11004
2017-01-25 15:39:06.734260|ERROR   |              |   |TS3ANetwork::ResolveHostName failed error: 11004 (Poadovan nzov je platn, no nenali sa iadne daje poadovanho typu. ) 11004
2017-01-25 15:39:06.741260|ERROR   |              |   |TS3ANetwork::ResolveHostName failed error: 11004 (Poadovan nzov je platn, no nenali sa iadne daje poadovanho typu. ) 11004
2017-01-25 15:39:06.747260|ERROR   |              |   |TS3ANetwork::ResolveHostName failed error: 11004 (Poadovan nzov je platn, no nenali sa iadne daje poadovanho typu. ) 11004
2017-01-25 15:39:06.751261|ERROR   |              |   |TS3ANetwork::ResolveHostName failed error: 11004 (Poadovan nzov je platn, no nenali sa iadne daje poadovanho typu. ) 11004
2017-01-25 15:39:06.756261|ERROR   |              |   |TS3ANetwork::ResolveHostName failed error: 11004 (Poadovan nzov je platn, no nenali sa iadne daje poadovanho typu. ) 11004
2017-01-25 15:39:06.761261|ERROR   |              |   |TS3ANetwork::ResolveHostName failed error: 11004 (Poadovan nzov je platn, no nenali sa iadne daje poadovanho typu. ) 11004
2017-01-25 15:39:06.779262|ERROR   |              |   |TS3ANetwork::ResolveHostName failed error: 11004 (Poadovan nzov je platn, no nenali sa iadne daje poadovanho typu. ) 11004
2017-01-25 15:39:06.826265|ERROR   |              |   |TS3ANetwork::ResolveHostName failed error: 11004 (Poadovan nzov je platn, no nenali sa iadne daje poadovanho typu. ) 11004
2017-01-25 15:39:06.867267|ERROR   |              |   |TS3ANetwork::ResolveHostName failed error: 11004 (Poadovan nzov je platn, no nenali sa iadne daje poadovanho typu. ) 11004
2017-01-25 15:39:06.872267|ERROR   |              |   |TS3ANetwork::ResolveHostName failed error: 11004 (Poadovan nzov je platn, no nenali sa iadne daje poadovanho typu. ) 11004
2017-01-25 15:39:06.880268|ERROR   |              |   |TS3ANetwork::ResolveHostName failed error: 11004 (Poadovan nzov je platn, no nenali sa iadne daje poadovanho typu. ) 11004
2017-01-25 15:39:06.886268|ERROR   |              |   |TS3ANetwork::ResolveHostName failed error: 11004 (Poadovan nzov je platn, no nenali sa iadne daje poadovanho typu. ) 11004
2017-01-25 15:39:06.895269|ERROR   |              |   |TS3ANetwork::ResolveHostName failed error: 11004 (Poadovan nzov je platn, no nenali sa iadne daje poadovanho typu. ) 11004
2017-01-25 15:39:06.907269|ERROR   |              |   |TS3ANetwork::ResolveHostName failed error: 11004 (Poadovan nzov je platn, no nenali sa iadne daje poadovanho typu. ) 11004
2017-01-25 15:39:06.933271|ERROR   |              |   |TS3ANetwork::ResolveHostName failed error: 11004 (Poadovan nzov je platn, no nenali sa iadne daje poadovanho typu. ) 11004
2017-01-25 15:39:06.974273|ERROR   |              |   |TS3ANetwork::ResolveHostName failed error: 11004 (Poadovan nzov je platn, no nenali sa iadne daje poadovanho typu. ) 11004
2017-01-25 15:39:06.981274|ERROR   |              |   |TS3ANetwork::ResolveHostName failed error: 11004 (Poadovan nzov je platn, no nenali sa iadne daje poadovanho typu. ) 11004
2017-01-25 15:39:06.985274|ERROR   |              |   |TS3ANetwork::ResolveHostName failed error: 11004 (Poadovan nzov je platn, no nenali sa iadne daje poadovanho typu. ) 11004
2017-01-25 15:39:06.994274|ERROR   |              |   |TS3ANetwork::ResolveHostName failed error: 11004 (Poadovan nzov je platn, no nenali sa iadne daje poadovanho typu. ) 11004
2017-01-25 15:39:06.997275|ERROR   |              |   |TS3ANetwork::ResolveHostName failed error: 11004 (Poadovan nzov je platn, no nenali sa iadne daje poadovanho typu. ) 11004
2017-01-25 15:39:07.003275|ERROR   |              |   |TS3ANetwork::ResolveHostName failed error: 11004 (Poadovan nzov je platn, no nenali sa iadne daje poadovanho typu. ) 11004
2017-01-25 15:39:07.007275|ERROR   |              |   |TS3ANetwork::ResolveHostName failed error: 11004 (Poadovan nzov je platn, no nenali sa iadne daje poadovanho typu. ) 11004
2017-01-25 15:39:07.012275|ERROR   |              |   |TS3ANetwork::ResolveHostName failed error: 11004 (Poadovan nzov je platn, no nenali sa iadne daje poadovanho typu. ) 11004
2017-01-25 15:39:07.018276|ERROR   |              |   |TS3ANetwork::ResolveHostName failed error: 11004 (Poadovan nzov je platn, no nenali sa iadne daje poadovanho typu. ) 11004
2017-01-25 15:39:07.022276|ERROR   |              |   |TS3ANetwork::ResolveHostName failed error: 11004 (Poadovan nzov je platn, no nenali sa iadne daje poadovanho typu. ) 11004
2017-01-25 15:39:07.027276|ERROR   |              |   |TS3ANetwork::ResolveHostName failed error: 11004 (Poadovan nzov je platn, no nenali sa iadne daje poadovanho typu. ) 11004
2017-01-25 15:39:07.031277|ERROR   |              |   |TS3ANetwork::ResolveHostName failed error: 11004 (Poadovan nzov je platn, no nenali sa iadne daje poadovanho typu. ) 11004
2017-01-25 15:39:07.035277|ERROR   |              |   |TS3ANetwork::ResolveHostName failed error: 11004 (Poadovan nzov je platn, no nenali sa iadne daje poadovanho typu. ) 11004
2017-01-25 15:39:07.040277|ERROR   |              |   |TS3ANetwork::ResolveHostName failed error: 11004 (Poadovan nzov je platn, no nenali sa iadne daje poadovanho typu. ) 11004
2017-01-25 15:39:07.045277|ERROR   |              |   |TS3ANetwork::ResolveHostName failed error: 11004 (Poadovan nzov je platn, no nenali sa iadne daje poadovanho typu. ) 11004
2017-01-25 15:39:07.049278|ERROR   |              |   |TS3ANetwork::ResolveHostName failed error: 11004 (Poadovan nzov je platn, no nenali sa iadne daje poadovanho typu. ) 11004
2017-01-25 15:39:07.054278|ERROR   |              |   |TS3ANetwork::ResolveHostName failed error: 11004 (Poadovan nzov je platn, no nenali sa iadne daje poadovanho typu. ) 11004
2017-01-25 15:39:07.059278|ERROR   |              |   |TS3ANetwork::ResolveHostName failed error: 11004 (Poadovan nzov je platn, no nenali sa iadne daje poadovanho typu. ) 11004
2017-01-25 15:39:07.065279|ERROR   |              |   |TS3ANetwork::ResolveHostName failed error: 11004 (Poadovan nzov je platn, no nenali sa iadne daje poadovanho typu. ) 11004
2017-01-25 15:39:07.070279|ERROR   |              |   |TS3ANetwork::ResolveHostName failed error: 11004 (Poadovan nzov je platn, no nenali sa iadne daje poadovanho typu. ) 11004
2017-01-25 15:39:07.075279|ERROR   |              |   |TS3ANetwork::ResolveHostName failed error: 11004 (Poadovan nzov je platn, no nenali sa iadne daje poadovanho typu. ) 11004
2017-01-25 15:39:07.080279|ERROR   |              |   |TS3ANetwork::ResolveHostName failed error: 11004 (Poadovan nzov je platn, no nenali sa iadne daje poadovanho typu. ) 11004
2017-01-25 15:39:07.084280|ERROR   |              |   |TS3ANetwork::ResolveHostName failed error: 11004 (Poadovan nzov je platn, no nenali sa iadne daje poadovanho typu. ) 11004
2017-01-25 15:39:07.088280|ERROR   |              |   |TS3ANetwork::ResolveHostName failed error: 11004 (Poadovan nzov je platn, no nenali sa iadne daje poadovanho typu. ) 11004
2017-01-25 15:39:07.092280|ERROR   |              |   |TS3ANetwork::ResolveHostName failed error: 11004 (Poadovan nzov je platn, no nenali sa iadne daje poadovanho typu. ) 11004
2017-01-25 15:39:07.097280|ERROR   |              |   |TS3ANetwork::ResolveHostName failed error: 11004 (Poadovan nzov je platn, no nenali sa iadne daje poadovanho typu. ) 11004
2017-01-25 15:39:07.102281|ERROR   |              |   |TS3ANetwork::ResolveHostName failed error: 11004 (Poadovan nzov je platn, no nenali sa iadne daje poadovanho typu. ) 11004
2017-01-25 15:39:07.107281|ERROR   |              |   |TS3ANetwork::ResolveHostName failed error: 11004 (Poadovan nzov je platn, no nenali sa iadne daje poadovanho typu. ) 11004
2017-01-25 15:39:07.112281|ERROR   |              |   |TS3ANetwork::ResolveHostName failed error: 11004 (Poadovan nzov je platn, no nenali sa iadne daje poadovanho typu. ) 11004
2017-01-25 15:39:07.116281|ERROR   |              |   |TS3ANetwork::ResolveHostName failed error: 11004 (Poadovan nzov je platn, no nenali sa iadne daje poadovanho typu. ) 11004
2017-01-25 15:39:07.121282|ERROR   |              |   |TS3ANetwork::ResolveHostName failed error: 11004 (Poadovan nzov je platn, no nenali sa iadne daje poadovanho typu. ) 11004
2017-01-25 15:39:07.126282|ERROR   |              |   |TS3ANetwork::ResolveHostName failed error: 11004 (Poadovan nzov je platn, no nenali sa iadne daje poadovanho typu. ) 11004
2017-01-25 15:39:07.131282|ERROR   |              |   |TS3ANetwork::ResolveHostName failed error: 11004 (Poadovan nzov je platn, no nenali sa iadne daje poadovanho typu. ) 11004
2017-01-25 15:39:07.135283|ERROR   |              |   |TS3ANetwork::ResolveHostName failed error: 11004 (Poadovan nzov je platn, no nenali sa iadne daje poadovanho typu. ) 11004
2017-01-25 15:39:07.140283|ERROR   |              |   |TS3ANetwork::ResolveHostName failed error: 11004 (Poadovan nzov je platn, no nenali sa iadne daje poadovanho typu. ) 11004
2017-01-25 15:39:07.144283|ERROR   |              |   |TS3ANetwork::ResolveHostName failed error: 11004 (Poadovan nzov je platn, no nenali sa iadne daje poadovanho typu. ) 11004
2017-01-25 15:39:07.149283|ERROR   |              |   |TS3ANetwork::ResolveHostName failed error: 11004 (Poadovan nzov je platn, no nenali sa iadne daje poadovanho typu. ) 11004
2017-01-25 15:39:07.153284|ERROR   |              |   |TS3ANetwork::ResolveHostName failed error: 11004 (Poadovan nzov je platn, no nenali sa iadne daje poadovanho typu. ) 11004
2017-01-25 15:39:07.158284|ERROR   |              |   |TS3ANetwork::ResolveHostName failed error: 11004 (Poadovan nzov je platn, no nenali sa iadne daje poadovanho typu. ) 11004
2017-01-25 15:39:07.162284|ERROR   |              |   |TS3ANetwork::ResolveHostName failed error: 11004 (Poadovan nzov je platn, no nenali sa iadne daje poadovanho typu. ) 11004
2017-01-25 15:39:07.167284|ERROR   |              |   |TS3ANetwork::ResolveHostName failed error: 11004 (Poadovan nzov je platn, no nenali sa iadne daje poadovanho typu. ) 11004
2017-01-25 15:39:07.172285|ERROR   |              |   |TS3ANetwork::ResolveHostName failed error: 11004 (Poadovan nzov je platn, no nenali sa iadne daje poadovanho typu. ) 11004
2017-01-25 15:39:07.176285|ERROR   |              |   |TS3ANetwork::ResolveHostName failed error: 11004 (Poadovan nzov je platn, no nenali sa iadne daje poadovanho typu. ) 11004
2017-01-25 15:39:07.181285|ERROR   |              |   |TS3ANetwork::ResolveHostName failed error: 11004 (Poadovan nzov je platn, no nenali sa iadne daje poadovanho typu. ) 11004
2017-01-25 15:39:07.185285|ERROR   |              |   |TS3ANetwork::ResolveHostName failed error: 11004 (Poadovan nzov je platn, no nenali sa iadne daje poadovanho typu. ) 11004
2017-01-25 15:39:07.190286|ERROR   |              |   |TS3ANetwork::ResolveHostName failed error: 11004 (Poadovan nzov je platn, no nenali sa iadne daje poadovanho typu. ) 11004
2017-01-25 15:39:07.195286|ERROR   |              |   |TS3ANetwork::ResolveHostName failed error: 11004 (Poadovan nzov je platn, no nenali sa iadne daje poadovanho typu. ) 11004
2017-01-25 15:39:07.199286|ERROR   |              |   |TS3ANetwork::ResolveHostName failed error: 11004 (Poadovan nzov je platn, no nenali sa iadne daje poadovanho typu. ) 11004
2017-01-25 15:39:07.204286|ERROR   |              |   |TS3ANetwork::ResolveHostName failed error: 11004 (Poadovan nzov je platn, no nenali sa iadne daje poadovanho typu. ) 11004
2017-01-25 15:39:07.209287|ERROR   |              |   |TS3ANetwork::ResolveHostName failed error: 11004 (Poadovan nzov je platn, no nenali sa iadne daje poadovanho typu. ) 11004
2017-01-25 15:39:07.214287|ERROR   |              |   |TS3ANetwork::ResolveHostName failed error: 11004 (Poadovan nzov je platn, no nenali sa iadne daje poadovanho typu. ) 11004
2017-01-25 15:39:07.219287|ERROR   |              |   |TS3ANetwork::ResolveHostName failed error: 11004 (Poadovan nzov je platn, no nenali sa iadne daje poadovanho typu. ) 11004
2017-01-25 15:39:07.224288|ERROR   |              |   |TS3ANetwork::ResolveHostName failed error: 11004 (Poadovan nzov je platn, no nenali sa iadne daje poadovanho typu. ) 11004
2017-01-25 15:39:07.228288|ERROR   |              |   |TS3ANetwork::ResolveHostName failed error: 11004 (Poadovan nzov je platn, no nenali sa iadne daje poadovanho typu. ) 11004
2017-01-25 15:39:07.232288|ERROR   |              |   |TS3ANetwork::ResolveHostName failed error: 11004 (Poadovan nzov je platn, no nenali sa iadne daje poadovanho typu. ) 11004
2017-01-25 15:39:07.237288|ERROR   |              |   |TS3ANetwork::ResolveHostName failed error: 11004 (Poadovan nzov je platn, no nenali sa iadne daje poadovanho typu. ) 11004
2017-01-25 15:39:07.241289|ERROR   |              |   |TS3ANetwork::ResolveHostName failed error: 11004 (Poadovan nzov je platn, no nenali sa iadne daje poadovanho typu. ) 11004
2017-01-25 15:39:07.246289|ERROR   |              |   |TS3ANetwork::ResolveHostName failed error: 11004 (Poadovan nzov je platn, no nenali sa iadne daje poadovanho typu. ) 11004
2017-01-25 15:39:07.250289|ERROR   |              |   |TS3ANetwork::ResolveHostName failed error: 11004 (Poadovan nzov je platn, no nenali sa iadne daje poadovanho typu. ) 11004
2017-01-25 15:39:07.255289|ERROR   |              |   |TS3ANetwork::ResolveHostName failed error: 11004 (Poadovan nzov je platn, no nenali sa iadne daje poadovanho typu. ) 11004
2017-01-25 15:39:07.259290|ERROR   |              |   |TS3ANetwork::ResolveHostName failed error: 11004 (Poadovan nzov je platn, no nenali sa iadne daje poadovanho typu. ) 11004
2017-01-25 15:39:07.264290|ERROR   |              |   |TS3ANetwork::ResolveHostName failed error: 11004 (Poadovan nzov je platn, no nenali sa iadne daje poadovanho typu. ) 11004
2017-01-25 15:39:07.269290|ERROR   |              |   |TS3ANetwork::ResolveHostName failed error: 11004 (Poadovan nzov je platn, no nenali sa iadne daje poadovanho typu. ) 11004
2017-01-25 15:39:07.273290|ERROR   |              |   |TS3ANetwork::ResolveHostName failed error: 11004 (Poadovan nzov je platn, no nenali sa iadne daje poadovanho typu. ) 11004
2017-01-25 15:39:07.279291|ERROR   |              |   |TS3ANetwork::ResolveHostName failed error: 11004 (Poadovan nzov je platn, no nenali sa iadne daje poadovanho typu. ) 11004
2017-01-25 15:39:07.282291|ERROR   |              |   |TS3ANetwork::ResolveHostName failed error: 11004 (Poadovan nzov je platn, no nenali sa iadne daje poadovanho typu. ) 11004
2017-01-25 15:39:07.287291|ERROR   |              |   |TS3ANetwork::ResolveHostName failed error: 11004 (Poadovan nzov je platn, no nenali sa iadne daje poadovanho typu. ) 11004
2017-01-25 15:39:07.292292|ERROR   |              |   |TS3ANetwork::ResolveHostName failed error: 11004 (Poadovan nzov je platn, no nenali sa iadne daje poadovanho typu. ) 11004
2017-01-25 15:39:07.297292|ERROR   |              |   |TS3ANetwork::ResolveHostName failed error: 11004 (Poadovan nzov je platn, no nenali sa iadne daje poadovanho typu. ) 11004
2017-01-25 15:39:07.301292|ERROR   |              |   |TS3ANetwork::ResolveHostName failed error: 11004 (Poadovan nzov je platn, no nenali sa iadne daje poadovanho typu. ) 11004
2017-01-25 15:39:07.306292|ERROR   |              |   |TS3ANetwork::ResolveHostName failed error: 11004 (Poadovan nzov je platn, no nenali sa iadne daje poadovanho typu. ) 11004
2017-01-25 15:39:07.311293|ERROR   |              |   |TS3ANetwork::ResolveHostName failed error: 11004 (Poadovan nzov je platn, no nenali sa iadne daje poadovanho typu. ) 11004
2017-01-25 15:39:07.316293|ERROR   |              |   |TS3ANetwork::ResolveHostName failed error: 11004 (Poadovan nzov je platn, no nenali sa iadne daje poadovanho typu. ) 11004
2017-01-25 15:39:07.319293|ERROR   |              |   |TS3ANetwork::ResolveHostName failed error: 11004 (Poadovan nzov je platn, no nenali sa iadne daje poadovanho typu. ) 11004
2017-01-25 15:39:07.324293|ERROR   |              |   |TS3ANetwork::ResolveHostName failed error: 11004 (Poadovan nzov je platn, no nenali sa iadne daje poadovanho typu. ) 11004
2017-01-25 15:39:07.329294|ERROR   |              |   |TS3ANetwork::ResolveHostName failed error: 11004 (Poadovan nzov je platn, no nenali sa iadne daje poadovanho typu. ) 11004
2017-01-25 15:39:07.333294|ERROR   |              |   |TS3ANetwork::ResolveHostName failed error: 11004 (Poadovan nzov je platn, no nenali sa iadne daje poadovanho typu. ) 11004
2017-01-25 15:39:07.334294|ERROR   |              |   |Could not open/bind UDP connection on 0.0.0.0 for weblist. Using default
2017-01-25 15:39:07.339294|ERROR   |              |   |TS3ANetwork::ResolveHostName failed error: 11004 (Poadovan nzov je platn, no nenali sa iadne daje poadovanho typu. ) 11004
