2017-02-13 15:02:20.792551|INFO    |ServerLibPriv |   |TeamSpeak 3 Server 3.0.13.4 (2016-08-29 12:39:04)
2017-02-13 15:02:20.796551|INFO    |ServerLibPriv |   |SystemInformation: Windows 7 SP1 (7601) x64 (AMD or Intel) Binary: 64bit
2017-02-13 15:02:20.796551|INFO    |ServerLibPriv |   |Using hardware aes
2017-02-13 15:02:20.817553|INFO    |DatabaseQuery |   |dbPlugin name:    SQLite3 plugin, Version 3, (c)TeamSpeak Systems GmbH
2017-02-13 15:02:20.817553|INFO    |DatabaseQuery |   |dbPlugin version: 3.11.1
2017-02-13 15:02:20.824553|INFO    |DatabaseQuery |   |checking database integrity (may take a while)
2017-02-13 15:02:20.882556|WARNING |Accounting    |   |Unable to find valid license key, falling back to limited functionality
2017-02-13 15:02:22.606655|INFO    |              |   |Puzzle precompute time: 1415
2017-02-13 15:02:22.611655|INFO    |FileManager   |   |listening on 0.0.0.0:30033, :::30033
2017-02-13 15:02:22.636657|ERROR   |              |   |TS3ANetwork::ResolveHostName failed error: 11001 (iadny takto hostite nie je znmy. ) 11001
2017-02-13 15:02:22.636657|ERROR   |              |   |Could not open default UDP connection for weblist
2017-02-13 15:02:22.686660|INFO    |CIDRManager   |   |updated query_ip_whitelist ips: 127.0.0.1/32, ::1/128, 
2017-02-13 15:02:22.687660|INFO    |Query         |   |listening on 0.0.0.0:10011, :::10011
2017-02-13 15:02:22.710661|ERROR   |              |   |TS3ANetwork::ResolveHostName failed error: 11001 (iadny takto hostite nie je znmy. ) 11001
2017-02-13 15:02:22.711661|ERROR   |              |   |TS3ANetwork::ResolveHostName failed error: 11001 (iadny takto hostite nie je znmy. ) 11001
2017-02-13 15:02:22.711661|ERROR   |              |   |TS3ANetwork::ResolveHostName failed error: 11001 (iadny takto hostite nie je znmy. ) 11001
2017-02-13 15:02:22.711661|ERROR   |              |   |TS3ANetwork::ResolveHostName failed error: 11001 (iadny takto hostite nie je znmy. ) 11001
2017-02-13 15:02:22.714661|ERROR   |              |   |TS3ANetwork::ResolveHostName failed error: 11001 (iadny takto hostite nie je znmy. ) 11001
2017-02-13 15:02:22.714661|ERROR   |              |   |TS3ANetwork::ResolveHostName failed error: 11001 (iadny takto hostite nie je znmy. ) 11001
2017-02-13 15:02:22.714661|ERROR   |              |   |TS3ANetwork::ResolveHostName failed error: 11001 (iadny takto hostite nie je znmy. ) 11001
2017-02-13 15:02:22.717661|ERROR   |              |   |TS3ANetwork::ResolveHostName failed error: 11001 (iadny takto hostite nie je znmy. ) 11001
2017-02-13 15:02:22.719661|ERROR   |              |   |TS3ANetwork::ResolveHostName failed error: 11001 (iadny takto hostite nie je znmy. ) 11001
2017-02-13 15:02:22.719661|ERROR   |              |   |TS3ANetwork::ResolveHostName failed error: 11001 (iadny takto hostite nie je znmy. ) 11001
2017-02-13 15:02:22.720661|ERROR   |              |   |TS3ANetwork::ResolveHostName failed error: 11001 (iadny takto hostite nie je znmy. ) 11001
2017-02-13 15:02:22.720661|ERROR   |              |   |TS3ANetwork::ResolveHostName failed error: 11001 (iadny takto hostite nie je znmy. ) 11001
2017-02-13 15:02:22.721662|ERROR   |              |   |TS3ANetwork::ResolveHostName failed error: 11001 (iadny takto hostite nie je znmy. ) 11001
2017-02-13 15:02:22.721662|ERROR   |              |   |TS3ANetwork::ResolveHostName failed error: 11001 (iadny takto hostite nie je znmy. ) 11001
2017-02-13 15:02:22.722662|ERROR   |              |   |TS3ANetwork::ResolveHostName failed error: 11001 (iadny takto hostite nie je znmy. ) 11001
2017-02-13 15:02:22.722662|ERROR   |              |   |TS3ANetwork::ResolveHostName failed error: 11001 (iadny takto hostite nie je znmy. ) 11001
2017-02-13 15:02:22.722662|ERROR   |              |   |TS3ANetwork::ResolveHostName failed error: 11001 (iadny takto hostite nie je znmy. ) 11001
2017-02-13 15:02:22.722662|ERROR   |              |   |TS3ANetwork::ResolveHostName failed error: 11001 (iadny takto hostite nie je znmy. ) 11001
2017-02-13 15:02:22.725662|ERROR   |              |   |TS3ANetwork::ResolveHostName failed error: 11001 (iadny takto hostite nie je znmy. ) 11001
2017-02-13 15:02:22.725662|ERROR   |              |   |TS3ANetwork::ResolveHostName failed error: 11001 (iadny takto hostite nie je znmy. ) 11001
2017-02-13 15:02:22.725662|ERROR   |              |   |TS3ANetwork::ResolveHostName failed error: 11001 (iadny takto hostite nie je znmy. ) 11001
2017-02-13 15:02:22.726662|ERROR   |              |   |TS3ANetwork::ResolveHostName failed error: 11001 (iadny takto hostite nie je znmy. ) 11001
2017-02-13 15:02:22.728662|ERROR   |              |   |TS3ANetwork::ResolveHostName failed error: 11001 (iadny takto hostite nie je znmy. ) 11001
2017-02-13 15:02:22.729662|ERROR   |              |   |TS3ANetwork::ResolveHostName failed error: 11001 (iadny takto hostite nie je znmy. ) 11001
2017-02-13 15:02:22.729662|ERROR   |              |   |TS3ANetwork::ResolveHostName failed error: 11001 (iadny takto hostite nie je znmy. ) 11001
2017-02-13 15:02:22.730662|ERROR   |              |   |TS3ANetwork::ResolveHostName failed error: 11001 (iadny takto hostite nie je znmy. ) 11001
2017-02-13 15:02:22.731662|ERROR   |              |   |TS3ANetwork::ResolveHostName failed error: 11001 (iadny takto hostite nie je znmy. ) 11001
2017-02-13 15:02:22.731662|ERROR   |              |   |TS3ANetwork::ResolveHostName failed error: 11001 (iadny takto hostite nie je znmy. ) 11001
2017-02-13 15:02:22.731662|ERROR   |              |   |TS3ANetwork::ResolveHostName failed error: 11001 (iadny takto hostite nie je znmy. ) 11001
2017-02-13 15:02:22.732662|ERROR   |              |   |TS3ANetwork::ResolveHostName failed error: 11001 (iadny takto hostite nie je znmy. ) 11001
2017-02-13 15:02:22.733662|ERROR   |              |   |TS3ANetwork::ResolveHostName failed error: 11001 (iadny takto hostite nie je znmy. ) 11001
2017-02-13 15:02:22.733662|ERROR   |              |   |TS3ANetwork::ResolveHostName failed error: 11001 (iadny takto hostite nie je znmy. ) 11001
2017-02-13 15:02:22.733662|ERROR   |              |   |TS3ANetwork::ResolveHostName failed error: 11001 (iadny takto hostite nie je znmy. ) 11001
2017-02-13 15:02:22.733662|ERROR   |              |   |TS3ANetwork::ResolveHostName failed error: 11001 (iadny takto hostite nie je znmy. ) 11001
2017-02-13 15:02:22.733662|ERROR   |              |   |TS3ANetwork::ResolveHostName failed error: 11001 (iadny takto hostite nie je znmy. ) 11001
2017-02-13 15:02:22.735662|ERROR   |              |   |TS3ANetwork::ResolveHostName failed error: 11001 (iadny takto hostite nie je znmy. ) 11001
2017-02-13 15:02:22.735662|ERROR   |              |   |TS3ANetwork::ResolveHostName failed error: 11001 (iadny takto hostite nie je znmy. ) 11001
2017-02-13 15:02:22.736662|ERROR   |              |   |TS3ANetwork::ResolveHostName failed error: 11001 (iadny takto hostite nie je znmy. ) 11001
2017-02-13 15:02:22.736662|ERROR   |              |   |TS3ANetwork::ResolveHostName failed error: 11001 (iadny takto hostite nie je znmy. ) 11001
2017-02-13 15:02:22.736662|ERROR   |              |   |TS3ANetwork::ResolveHostName failed error: 11001 (iadny takto hostite nie je znmy. ) 11001
2017-02-13 15:02:22.736662|ERROR   |              |   |TS3ANetwork::ResolveHostName failed error: 11001 (iadny takto hostite nie je znmy. ) 11001
2017-02-13 15:02:22.736662|ERROR   |              |   |TS3ANetwork::ResolveHostName failed error: 11001 (iadny takto hostite nie je znmy. ) 11001
2017-02-13 15:02:22.737662|ERROR   |              |   |TS3ANetwork::ResolveHostName failed error: 11001 (iadny takto hostite nie je znmy. ) 11001
2017-02-13 15:02:22.737662|ERROR   |              |   |TS3ANetwork::ResolveHostName failed error: 11001 (iadny takto hostite nie je znmy. ) 11001
2017-02-13 15:02:22.737662|ERROR   |              |   |TS3ANetwork::ResolveHostName failed error: 11001 (iadny takto hostite nie je znmy. ) 11001
2017-02-13 15:02:22.737662|ERROR   |              |   |TS3ANetwork::ResolveHostName failed error: 11001 (iadny takto hostite nie je znmy. ) 11001
2017-02-13 15:02:22.737662|ERROR   |              |   |TS3ANetwork::ResolveHostName failed error: 11001 (iadny takto hostite nie je znmy. ) 11001
2017-02-13 15:02:22.737662|ERROR   |              |   |TS3ANetwork::ResolveHostName failed error: 11001 (iadny takto hostite nie je znmy. ) 11001
2017-02-13 15:02:22.738663|ERROR   |              |   |TS3ANetwork::ResolveHostName failed error: 11001 (iadny takto hostite nie je znmy. ) 11001
2017-02-13 15:02:22.738663|ERROR   |              |   |TS3ANetwork::ResolveHostName failed error: 11001 (iadny takto hostite nie je znmy. ) 11001
2017-02-13 15:02:22.738663|ERROR   |              |   |TS3ANetwork::ResolveHostName failed error: 11001 (iadny takto hostite nie je znmy. ) 11001
2017-02-13 15:02:22.738663|ERROR   |              |   |TS3ANetwork::ResolveHostName failed error: 11001 (iadny takto hostite nie je znmy. ) 11001
2017-02-13 15:02:22.738663|ERROR   |              |   |TS3ANetwork::ResolveHostName failed error: 11001 (iadny takto hostite nie je znmy. ) 11001
2017-02-13 15:02:22.739663|ERROR   |              |   |TS3ANetwork::ResolveHostName failed error: 11001 (iadny takto hostite nie je znmy. ) 11001
2017-02-13 15:02:22.739663|ERROR   |              |   |TS3ANetwork::ResolveHostName failed error: 11001 (iadny takto hostite nie je znmy. ) 11001
2017-02-13 15:02:22.739663|ERROR   |              |   |TS3ANetwork::ResolveHostName failed error: 11001 (iadny takto hostite nie je znmy. ) 11001
2017-02-13 15:02:22.739663|ERROR   |              |   |TS3ANetwork::ResolveHostName failed error: 11001 (iadny takto hostite nie je znmy. ) 11001
2017-02-13 15:02:22.740663|ERROR   |              |   |TS3ANetwork::ResolveHostName failed error: 11001 (iadny takto hostite nie je znmy. ) 11001
2017-02-13 15:02:22.740663|ERROR   |              |   |TS3ANetwork::ResolveHostName failed error: 11001 (iadny takto hostite nie je znmy. ) 11001
2017-02-13 15:02:22.740663|ERROR   |              |   |TS3ANetwork::ResolveHostName failed error: 11001 (iadny takto hostite nie je znmy. ) 11001
2017-02-13 15:02:22.740663|ERROR   |              |   |TS3ANetwork::ResolveHostName failed error: 11001 (iadny takto hostite nie je znmy. ) 11001
2017-02-13 15:02:22.741663|ERROR   |              |   |TS3ANetwork::ResolveHostName failed error: 11001 (iadny takto hostite nie je znmy. ) 11001
2017-02-13 15:02:22.741663|ERROR   |              |   |TS3ANetwork::ResolveHostName failed error: 11001 (iadny takto hostite nie je znmy. ) 11001
2017-02-13 15:02:22.741663|ERROR   |              |   |TS3ANetwork::ResolveHostName failed error: 11001 (iadny takto hostite nie je znmy. ) 11001
2017-02-13 15:02:22.742663|ERROR   |              |   |TS3ANetwork::ResolveHostName failed error: 11001 (iadny takto hostite nie je znmy. ) 11001
2017-02-13 15:02:22.742663|ERROR   |              |   |TS3ANetwork::ResolveHostName failed error: 11001 (iadny takto hostite nie je znmy. ) 11001
2017-02-13 15:02:22.742663|ERROR   |              |   |TS3ANetwork::ResolveHostName failed error: 11001 (iadny takto hostite nie je znmy. ) 11001
2017-02-13 15:02:22.742663|ERROR   |              |   |TS3ANetwork::ResolveHostName failed error: 11001 (iadny takto hostite nie je znmy. ) 11001
2017-02-13 15:02:22.742663|ERROR   |              |   |TS3ANetwork::ResolveHostName failed error: 11001 (iadny takto hostite nie je znmy. ) 11001
2017-02-13 15:02:22.743663|ERROR   |              |   |TS3ANetwork::ResolveHostName failed error: 11001 (iadny takto hostite nie je znmy. ) 11001
2017-02-13 15:02:22.743663|ERROR   |              |   |TS3ANetwork::ResolveHostName failed error: 11001 (iadny takto hostite nie je znmy. ) 11001
2017-02-13 15:02:22.743663|ERROR   |              |   |TS3ANetwork::ResolveHostName failed error: 11001 (iadny takto hostite nie je znmy. ) 11001
2017-02-13 15:02:22.743663|ERROR   |              |   |TS3ANetwork::ResolveHostName failed error: 11001 (iadny takto hostite nie je znmy. ) 11001
2017-02-13 15:02:22.744663|ERROR   |              |   |TS3ANetwork::ResolveHostName failed error: 11001 (iadny takto hostite nie je znmy. ) 11001
2017-02-13 15:02:22.744663|ERROR   |              |   |TS3ANetwork::ResolveHostName failed error: 11001 (iadny takto hostite nie je znmy. ) 11001
2017-02-13 15:02:22.744663|ERROR   |              |   |TS3ANetwork::ResolveHostName failed error: 11001 (iadny takto hostite nie je znmy. ) 11001
2017-02-13 15:02:22.745663|ERROR   |              |   |TS3ANetwork::ResolveHostName failed error: 11001 (iadny takto hostite nie je znmy. ) 11001
2017-02-13 15:02:22.746663|ERROR   |              |   |TS3ANetwork::ResolveHostName failed error: 11001 (iadny takto hostite nie je znmy. ) 11001
2017-02-13 15:02:22.746663|ERROR   |              |   |TS3ANetwork::ResolveHostName failed error: 11001 (iadny takto hostite nie je znmy. ) 11001
2017-02-13 15:02:22.746663|ERROR   |              |   |TS3ANetwork::ResolveHostName failed error: 11001 (iadny takto hostite nie je znmy. ) 11001
2017-02-13 15:02:22.747663|ERROR   |              |   |TS3ANetwork::ResolveHostName failed error: 11001 (iadny takto hostite nie je znmy. ) 11001
2017-02-13 15:02:22.747663|ERROR   |              |   |TS3ANetwork::ResolveHostName failed error: 11001 (iadny takto hostite nie je znmy. ) 11001
2017-02-13 15:02:22.747663|ERROR   |              |   |TS3ANetwork::ResolveHostName failed error: 11001 (iadny takto hostite nie je znmy. ) 11001
2017-02-13 15:02:22.747663|ERROR   |              |   |TS3ANetwork::ResolveHostName failed error: 11001 (iadny takto hostite nie je znmy. ) 11001
2017-02-13 15:02:22.747663|ERROR   |              |   |TS3ANetwork::ResolveHostName failed error: 11001 (iadny takto hostite nie je znmy. ) 11001
2017-02-13 15:02:22.748663|ERROR   |              |   |TS3ANetwork::ResolveHostName failed error: 11001 (iadny takto hostite nie je znmy. ) 11001
2017-02-13 15:02:22.748663|ERROR   |              |   |TS3ANetwork::ResolveHostName failed error: 11001 (iadny takto hostite nie je znmy. ) 11001
2017-02-13 15:02:22.748663|ERROR   |              |   |TS3ANetwork::ResolveHostName failed error: 11001 (iadny takto hostite nie je znmy. ) 11001
2017-02-13 15:02:22.749663|ERROR   |              |   |TS3ANetwork::ResolveHostName failed error: 11001 (iadny takto hostite nie je znmy. ) 11001
2017-02-13 15:02:22.749663|ERROR   |              |   |TS3ANetwork::ResolveHostName failed error: 11001 (iadny takto hostite nie je znmy. ) 11001
2017-02-13 15:02:22.749663|ERROR   |              |   |TS3ANetwork::ResolveHostName failed error: 11001 (iadny takto hostite nie je znmy. ) 11001
2017-02-13 15:02:22.750663|ERROR   |              |   |TS3ANetwork::ResolveHostName failed error: 11001 (iadny takto hostite nie je znmy. ) 11001
2017-02-13 15:02:22.750663|ERROR   |              |   |TS3ANetwork::ResolveHostName failed error: 11001 (iadny takto hostite nie je znmy. ) 11001
2017-02-13 15:02:22.750663|ERROR   |              |   |TS3ANetwork::ResolveHostName failed error: 11001 (iadny takto hostite nie je znmy. ) 11001
2017-02-13 15:02:22.750663|ERROR   |              |   |TS3ANetwork::ResolveHostName failed error: 11001 (iadny takto hostite nie je znmy. ) 11001
2017-02-13 15:02:22.751663|ERROR   |              |   |TS3ANetwork::ResolveHostName failed error: 11001 (iadny takto hostite nie je znmy. ) 11001
2017-02-13 15:02:22.751663|ERROR   |              |   |TS3ANetwork::ResolveHostName failed error: 11001 (iadny takto hostite nie je znmy. ) 11001
2017-02-13 15:02:22.751663|ERROR   |              |   |TS3ANetwork::ResolveHostName failed error: 11001 (iadny takto hostite nie je znmy. ) 11001
2017-02-13 15:02:22.751663|ERROR   |              |   |TS3ANetwork::ResolveHostName failed error: 11001 (iadny takto hostite nie je znmy. ) 11001
2017-02-13 15:02:22.751663|ERROR   |              |   |Could not open/bind UDP connection on 0.0.0.0 for weblist. Using default
2017-02-13 15:02:22.752663|ERROR   |              |   |TS3ANetwork::ResolveHostName failed error: 11001 (iadny takto hostite nie je znmy. ) 11001
