2017-01-14 19:53:23.190973|INFO    |ServerLibPriv |   |TeamSpeak 3 Server 3.0.13.4 (2016-08-29 12:39:04)
2017-01-14 19:53:23.193973|INFO    |ServerLibPriv |   |SystemInformation: Windows 7 SP1 (7601) x64 (AMD or Intel) Binary: 64bit
2017-01-14 19:53:23.193973|INFO    |ServerLibPriv |   |Using hardware aes
2017-01-14 19:53:23.202973|INFO    |DatabaseQuery |   |dbPlugin name:    SQLite3 plugin, Version 3, (c)TeamSpeak Systems GmbH
2017-01-14 19:53:23.202973|INFO    |DatabaseQuery |   |dbPlugin version: 3.11.1
2017-01-14 19:53:23.211974|INFO    |DatabaseQuery |   |checking database integrity (may take a while)
2017-01-14 19:53:23.268977|WARNING |Accounting    |   |Unable to find valid license key, falling back to limited functionality
2017-01-14 19:53:24.274035|INFO    |              |   |Puzzle precompute time: 906
2017-01-14 19:53:24.276035|INFO    |FileManager   |   |listening on 0.0.0.0:30033, :::30033
2017-01-14 19:53:24.283035|ERROR   |              |   |TS3ANetwork::ResolveHostName failed error: 11004 (Poadovan nzov je platn, no nenali sa iadne daje poadovanho typu. ) 11004
2017-01-14 19:53:24.283035|ERROR   |              |   |Could not open default UDP connection for weblist
2017-01-14 19:53:24.297036|INFO    |CIDRManager   |   |updated query_ip_whitelist ips: 127.0.0.1/32, ::1/128, 
2017-01-14 19:53:24.297036|INFO    |Query         |   |listening on 0.0.0.0:10011, :::10011
2017-01-14 19:53:24.378041|ERROR   |              |   |TS3ANetwork::ResolveHostName failed error: 11004 (Poadovan nzov je platn, no nenali sa iadne daje poadovanho typu. ) 11004
2017-01-14 19:53:24.390041|ERROR   |              |   |TS3ANetwork::ResolveHostName failed error: 11004 (Poadovan nzov je platn, no nenali sa iadne daje poadovanho typu. ) 11004
2017-01-14 19:53:24.395042|ERROR   |              |   |TS3ANetwork::ResolveHostName failed error: 11004 (Poadovan nzov je platn, no nenali sa iadne daje poadovanho typu. ) 11004
2017-01-14 19:53:24.403042|ERROR   |              |   |TS3ANetwork::ResolveHostName failed error: 11004 (Poadovan nzov je platn, no nenali sa iadne daje poadovanho typu. ) 11004
2017-01-14 19:53:24.410042|ERROR   |              |   |TS3ANetwork::ResolveHostName failed error: 11004 (Poadovan nzov je platn, no nenali sa iadne daje poadovanho typu. ) 11004
2017-01-14 19:53:24.414043|ERROR   |              |   |TS3ANetwork::ResolveHostName failed error: 11004 (Poadovan nzov je platn, no nenali sa iadne daje poadovanho typu. ) 11004
2017-01-14 19:53:24.419043|ERROR   |              |   |TS3ANetwork::ResolveHostName failed error: 11004 (Poadovan nzov je platn, no nenali sa iadne daje poadovanho typu. ) 11004
2017-01-14 19:53:24.431044|ERROR   |              |   |TS3ANetwork::ResolveHostName failed error: 11004 (Poadovan nzov je platn, no nenali sa iadne daje poadovanho typu. ) 11004
2017-01-14 19:53:24.437044|ERROR   |              |   |TS3ANetwork::ResolveHostName failed error: 11004 (Poadovan nzov je platn, no nenali sa iadne daje poadovanho typu. ) 11004
2017-01-14 19:53:24.442044|ERROR   |              |   |TS3ANetwork::ResolveHostName failed error: 11004 (Poadovan nzov je platn, no nenali sa iadne daje poadovanho typu. ) 11004
2017-01-14 19:53:24.447044|ERROR   |              |   |TS3ANetwork::ResolveHostName failed error: 11004 (Poadovan nzov je platn, no nenali sa iadne daje poadovanho typu. ) 11004
2017-01-14 19:53:24.451045|ERROR   |              |   |TS3ANetwork::ResolveHostName failed error: 11004 (Poadovan nzov je platn, no nenali sa iadne daje poadovanho typu. ) 11004
2017-01-14 19:53:24.456045|ERROR   |              |   |TS3ANetwork::ResolveHostName failed error: 11004 (Poadovan nzov je platn, no nenali sa iadne daje poadovanho typu. ) 11004
2017-01-14 19:53:24.460045|ERROR   |              |   |TS3ANetwork::ResolveHostName failed error: 11004 (Poadovan nzov je platn, no nenali sa iadne daje poadovanho typu. ) 11004
2017-01-14 19:53:24.465046|ERROR   |              |   |TS3ANetwork::ResolveHostName failed error: 11004 (Poadovan nzov je platn, no nenali sa iadne daje poadovanho typu. ) 11004
2017-01-14 19:53:24.470046|ERROR   |              |   |TS3ANetwork::ResolveHostName failed error: 11004 (Poadovan nzov je platn, no nenali sa iadne daje poadovanho typu. ) 11004
2017-01-14 19:53:24.474046|ERROR   |              |   |TS3ANetwork::ResolveHostName failed error: 11004 (Poadovan nzov je platn, no nenali sa iadne daje poadovanho typu. ) 11004
2017-01-14 19:53:24.478046|ERROR   |              |   |TS3ANetwork::ResolveHostName failed error: 11004 (Poadovan nzov je platn, no nenali sa iadne daje poadovanho typu. ) 11004
2017-01-14 19:53:24.483047|ERROR   |              |   |TS3ANetwork::ResolveHostName failed error: 11004 (Poadovan nzov je platn, no nenali sa iadne daje poadovanho typu. ) 11004
2017-01-14 19:53:24.487047|ERROR   |              |   |TS3ANetwork::ResolveHostName failed error: 11004 (Poadovan nzov je platn, no nenali sa iadne daje poadovanho typu. ) 11004
2017-01-14 19:53:24.492047|ERROR   |              |   |TS3ANetwork::ResolveHostName failed error: 11004 (Poadovan nzov je platn, no nenali sa iadne daje poadovanho typu. ) 11004
2017-01-14 19:53:24.496047|ERROR   |              |   |TS3ANetwork::ResolveHostName failed error: 11004 (Poadovan nzov je platn, no nenali sa iadne daje poadovanho typu. ) 11004
2017-01-14 19:53:24.501048|ERROR   |              |   |TS3ANetwork::ResolveHostName failed error: 11004 (Poadovan nzov je platn, no nenali sa iadne daje poadovanho typu. ) 11004
2017-01-14 19:53:24.506048|ERROR   |              |   |TS3ANetwork::ResolveHostName failed error: 11004 (Poadovan nzov je platn, no nenali sa iadne daje poadovanho typu. ) 11004
2017-01-14 19:53:24.510048|ERROR   |              |   |TS3ANetwork::ResolveHostName failed error: 11004 (Poadovan nzov je platn, no nenali sa iadne daje poadovanho typu. ) 11004
2017-01-14 19:53:24.515048|ERROR   |              |   |TS3ANetwork::ResolveHostName failed error: 11004 (Poadovan nzov je platn, no nenali sa iadne daje poadovanho typu. ) 11004
2017-01-14 19:53:24.519049|ERROR   |              |   |TS3ANetwork::ResolveHostName failed error: 11004 (Poadovan nzov je platn, no nenali sa iadne daje poadovanho typu. ) 11004
2017-01-14 19:53:24.523049|ERROR   |              |   |TS3ANetwork::ResolveHostName failed error: 11004 (Poadovan nzov je platn, no nenali sa iadne daje poadovanho typu. ) 11004
2017-01-14 19:53:24.528049|ERROR   |              |   |TS3ANetwork::ResolveHostName failed error: 11004 (Poadovan nzov je platn, no nenali sa iadne daje poadovanho typu. ) 11004
2017-01-14 19:53:24.532049|ERROR   |              |   |TS3ANetwork::ResolveHostName failed error: 11004 (Poadovan nzov je platn, no nenali sa iadne daje poadovanho typu. ) 11004
2017-01-14 19:53:24.538050|ERROR   |              |   |TS3ANetwork::ResolveHostName failed error: 11004 (Poadovan nzov je platn, no nenali sa iadne daje poadovanho typu. ) 11004
2017-01-14 19:53:24.542050|ERROR   |              |   |TS3ANetwork::ResolveHostName failed error: 11004 (Poadovan nzov je platn, no nenali sa iadne daje poadovanho typu. ) 11004
2017-01-14 19:53:24.547050|ERROR   |              |   |TS3ANetwork::ResolveHostName failed error: 11004 (Poadovan nzov je platn, no nenali sa iadne daje poadovanho typu. ) 11004
2017-01-14 19:53:24.551050|ERROR   |              |   |TS3ANetwork::ResolveHostName failed error: 11004 (Poadovan nzov je platn, no nenali sa iadne daje poadovanho typu. ) 11004
2017-01-14 19:53:24.556051|ERROR   |              |   |TS3ANetwork::ResolveHostName failed error: 11004 (Poadovan nzov je platn, no nenali sa iadne daje poadovanho typu. ) 11004
2017-01-14 19:53:24.560051|ERROR   |              |   |TS3ANetwork::ResolveHostName failed error: 11004 (Poadovan nzov je platn, no nenali sa iadne daje poadovanho typu. ) 11004
2017-01-14 19:53:24.565051|ERROR   |              |   |TS3ANetwork::ResolveHostName failed error: 11004 (Poadovan nzov je platn, no nenali sa iadne daje poadovanho typu. ) 11004
2017-01-14 19:53:24.570052|ERROR   |              |   |TS3ANetwork::ResolveHostName failed error: 11004 (Poadovan nzov je platn, no nenali sa iadne daje poadovanho typu. ) 11004
2017-01-14 19:53:24.574052|ERROR   |              |   |TS3ANetwork::ResolveHostName failed error: 11004 (Poadovan nzov je platn, no nenali sa iadne daje poadovanho typu. ) 11004
2017-01-14 19:53:24.579052|ERROR   |              |   |TS3ANetwork::ResolveHostName failed error: 11004 (Poadovan nzov je platn, no nenali sa iadne daje poadovanho typu. ) 11004
2017-01-14 19:53:24.584052|ERROR   |              |   |TS3ANetwork::ResolveHostName failed error: 11004 (Poadovan nzov je platn, no nenali sa iadne daje poadovanho typu. ) 11004
2017-01-14 19:53:24.588053|ERROR   |              |   |TS3ANetwork::ResolveHostName failed error: 11004 (Poadovan nzov je platn, no nenali sa iadne daje poadovanho typu. ) 11004
2017-01-14 19:53:24.593053|ERROR   |              |   |TS3ANetwork::ResolveHostName failed error: 11004 (Poadovan nzov je platn, no nenali sa iadne daje poadovanho typu. ) 11004
2017-01-14 19:53:24.597053|ERROR   |              |   |TS3ANetwork::ResolveHostName failed error: 11004 (Poadovan nzov je platn, no nenali sa iadne daje poadovanho typu. ) 11004
2017-01-14 19:53:24.602053|ERROR   |              |   |TS3ANetwork::ResolveHostName failed error: 11004 (Poadovan nzov je platn, no nenali sa iadne daje poadovanho typu. ) 11004
2017-01-14 19:53:24.606054|ERROR   |              |   |TS3ANetwork::ResolveHostName failed error: 11004 (Poadovan nzov je platn, no nenali sa iadne daje poadovanho typu. ) 11004
2017-01-14 19:53:24.611054|ERROR   |              |   |TS3ANetwork::ResolveHostName failed error: 11004 (Poadovan nzov je platn, no nenali sa iadne daje poadovanho typu. ) 11004
2017-01-14 19:53:24.615054|ERROR   |              |   |TS3ANetwork::ResolveHostName failed error: 11004 (Poadovan nzov je platn, no nenali sa iadne daje poadovanho typu. ) 11004
2017-01-14 19:53:24.620054|ERROR   |              |   |TS3ANetwork::ResolveHostName failed error: 11004 (Poadovan nzov je platn, no nenali sa iadne daje poadovanho typu. ) 11004
2017-01-14 19:53:24.624055|ERROR   |              |   |TS3ANetwork::ResolveHostName failed error: 11004 (Poadovan nzov je platn, no nenali sa iadne daje poadovanho typu. ) 11004
2017-01-14 19:53:24.629055|ERROR   |              |   |TS3ANetwork::ResolveHostName failed error: 11004 (Poadovan nzov je platn, no nenali sa iadne daje poadovanho typu. ) 11004
2017-01-14 19:53:24.633055|ERROR   |              |   |TS3ANetwork::ResolveHostName failed error: 11004 (Poadovan nzov je platn, no nenali sa iadne daje poadovanho typu. ) 11004
2017-01-14 19:53:24.637055|ERROR   |              |   |TS3ANetwork::ResolveHostName failed error: 11004 (Poadovan nzov je platn, no nenali sa iadne daje poadovanho typu. ) 11004
2017-01-14 19:53:24.642056|ERROR   |              |   |TS3ANetwork::ResolveHostName failed error: 11004 (Poadovan nzov je platn, no nenali sa iadne daje poadovanho typu. ) 11004
2017-01-14 19:53:24.647056|ERROR   |              |   |TS3ANetwork::ResolveHostName failed error: 11004 (Poadovan nzov je platn, no nenali sa iadne daje poadovanho typu. ) 11004
2017-01-14 19:53:24.652056|ERROR   |              |   |TS3ANetwork::ResolveHostName failed error: 11004 (Poadovan nzov je platn, no nenali sa iadne daje poadovanho typu. ) 11004
2017-01-14 19:53:24.656056|ERROR   |              |   |TS3ANetwork::ResolveHostName failed error: 11004 (Poadovan nzov je platn, no nenali sa iadne daje poadovanho typu. ) 11004
2017-01-14 19:53:24.660057|ERROR   |              |   |TS3ANetwork::ResolveHostName failed error: 11004 (Poadovan nzov je platn, no nenali sa iadne daje poadovanho typu. ) 11004
2017-01-14 19:53:24.665057|ERROR   |              |   |TS3ANetwork::ResolveHostName failed error: 11004 (Poadovan nzov je platn, no nenali sa iadne daje poadovanho typu. ) 11004
2017-01-14 19:53:24.669057|ERROR   |              |   |TS3ANetwork::ResolveHostName failed error: 11004 (Poadovan nzov je platn, no nenali sa iadne daje poadovanho typu. ) 11004
2017-01-14 19:53:24.674057|ERROR   |              |   |TS3ANetwork::ResolveHostName failed error: 11004 (Poadovan nzov je platn, no nenali sa iadne daje poadovanho typu. ) 11004
2017-01-14 19:53:24.678058|ERROR   |              |   |TS3ANetwork::ResolveHostName failed error: 11004 (Poadovan nzov je platn, no nenali sa iadne daje poadovanho typu. ) 11004
2017-01-14 19:53:24.683058|ERROR   |              |   |TS3ANetwork::ResolveHostName failed error: 11004 (Poadovan nzov je platn, no nenali sa iadne daje poadovanho typu. ) 11004
2017-01-14 19:53:24.687058|ERROR   |              |   |TS3ANetwork::ResolveHostName failed error: 11004 (Poadovan nzov je platn, no nenali sa iadne daje poadovanho typu. ) 11004
2017-01-14 19:53:24.692058|ERROR   |              |   |TS3ANetwork::ResolveHostName failed error: 11004 (Poadovan nzov je platn, no nenali sa iadne daje poadovanho typu. ) 11004
2017-01-14 19:53:24.696059|ERROR   |              |   |TS3ANetwork::ResolveHostName failed error: 11004 (Poadovan nzov je platn, no nenali sa iadne daje poadovanho typu. ) 11004
2017-01-14 19:53:24.701059|ERROR   |              |   |TS3ANetwork::ResolveHostName failed error: 11004 (Poadovan nzov je platn, no nenali sa iadne daje poadovanho typu. ) 11004
2017-01-14 19:53:24.705059|ERROR   |              |   |TS3ANetwork::ResolveHostName failed error: 11004 (Poadovan nzov je platn, no nenali sa iadne daje poadovanho typu. ) 11004
2017-01-14 19:53:24.710060|ERROR   |              |   |TS3ANetwork::ResolveHostName failed error: 11004 (Poadovan nzov je platn, no nenali sa iadne daje poadovanho typu. ) 11004
2017-01-14 19:53:24.715060|ERROR   |              |   |TS3ANetwork::ResolveHostName failed error: 11004 (Poadovan nzov je platn, no nenali sa iadne daje poadovanho typu. ) 11004
2017-01-14 19:53:24.720060|ERROR   |              |   |TS3ANetwork::ResolveHostName failed error: 11004 (Poadovan nzov je platn, no nenali sa iadne daje poadovanho typu. ) 11004
2017-01-14 19:53:24.724060|ERROR   |              |   |TS3ANetwork::ResolveHostName failed error: 11004 (Poadovan nzov je platn, no nenali sa iadne daje poadovanho typu. ) 11004
2017-01-14 19:53:24.729061|ERROR   |              |   |TS3ANetwork::ResolveHostName failed error: 11004 (Poadovan nzov je platn, no nenali sa iadne daje poadovanho typu. ) 11004
2017-01-14 19:53:24.733061|ERROR   |              |   |TS3ANetwork::ResolveHostName failed error: 11004 (Poadovan nzov je platn, no nenali sa iadne daje poadovanho typu. ) 11004
2017-01-14 19:53:24.737061|ERROR   |              |   |TS3ANetwork::ResolveHostName failed error: 11004 (Poadovan nzov je platn, no nenali sa iadne daje poadovanho typu. ) 11004
2017-01-14 19:53:24.742061|ERROR   |              |   |TS3ANetwork::ResolveHostName failed error: 11004 (Poadovan nzov je platn, no nenali sa iadne daje poadovanho typu. ) 11004
2017-01-14 19:53:24.747062|ERROR   |              |   |TS3ANetwork::ResolveHostName failed error: 11004 (Poadovan nzov je platn, no nenali sa iadne daje poadovanho typu. ) 11004
2017-01-14 19:53:24.751062|ERROR   |              |   |TS3ANetwork::ResolveHostName failed error: 11004 (Poadovan nzov je platn, no nenali sa iadne daje poadovanho typu. ) 11004
2017-01-14 19:53:24.756062|ERROR   |              |   |TS3ANetwork::ResolveHostName failed error: 11004 (Poadovan nzov je platn, no nenali sa iadne daje poadovanho typu. ) 11004
2017-01-14 19:53:24.761062|ERROR   |              |   |TS3ANetwork::ResolveHostName failed error: 11004 (Poadovan nzov je platn, no nenali sa iadne daje poadovanho typu. ) 11004
2017-01-14 19:53:24.765063|ERROR   |              |   |TS3ANetwork::ResolveHostName failed error: 11004 (Poadovan nzov je platn, no nenali sa iadne daje poadovanho typu. ) 11004
2017-01-14 19:53:24.770063|ERROR   |              |   |TS3ANetwork::ResolveHostName failed error: 11004 (Poadovan nzov je platn, no nenali sa iadne daje poadovanho typu. ) 11004
2017-01-14 19:53:24.774063|ERROR   |              |   |TS3ANetwork::ResolveHostName failed error: 11004 (Poadovan nzov je platn, no nenali sa iadne daje poadovanho typu. ) 11004
2017-01-14 19:53:24.779063|ERROR   |              |   |TS3ANetwork::ResolveHostName failed error: 11004 (Poadovan nzov je platn, no nenali sa iadne daje poadovanho typu. ) 11004
2017-01-14 19:53:24.783064|ERROR   |              |   |TS3ANetwork::ResolveHostName failed error: 11004 (Poadovan nzov je platn, no nenali sa iadne daje poadovanho typu. ) 11004
2017-01-14 19:53:24.787064|ERROR   |              |   |TS3ANetwork::ResolveHostName failed error: 11004 (Poadovan nzov je platn, no nenali sa iadne daje poadovanho typu. ) 11004
2017-01-14 19:53:24.792064|ERROR   |              |   |TS3ANetwork::ResolveHostName failed error: 11004 (Poadovan nzov je platn, no nenali sa iadne daje poadovanho typu. ) 11004
2017-01-14 19:53:24.796064|ERROR   |              |   |TS3ANetwork::ResolveHostName failed error: 11004 (Poadovan nzov je platn, no nenali sa iadne daje poadovanho typu. ) 11004
2017-01-14 19:53:24.801065|ERROR   |              |   |TS3ANetwork::ResolveHostName failed error: 11004 (Poadovan nzov je platn, no nenali sa iadne daje poadovanho typu. ) 11004
2017-01-14 19:53:24.805065|ERROR   |              |   |TS3ANetwork::ResolveHostName failed error: 11004 (Poadovan nzov je platn, no nenali sa iadne daje poadovanho typu. ) 11004
2017-01-14 19:53:24.810065|ERROR   |              |   |TS3ANetwork::ResolveHostName failed error: 11004 (Poadovan nzov je platn, no nenali sa iadne daje poadovanho typu. ) 11004
2017-01-14 19:53:24.814065|ERROR   |              |   |TS3ANetwork::ResolveHostName failed error: 11004 (Poadovan nzov je platn, no nenali sa iadne daje poadovanho typu. ) 11004
2017-01-14 19:53:24.820066|ERROR   |              |   |TS3ANetwork::ResolveHostName failed error: 11004 (Poadovan nzov je platn, no nenali sa iadne daje poadovanho typu. ) 11004
2017-01-14 19:53:24.824066|ERROR   |              |   |TS3ANetwork::ResolveHostName failed error: 11004 (Poadovan nzov je platn, no nenali sa iadne daje poadovanho typu. ) 11004
2017-01-14 19:53:24.829066|ERROR   |              |   |TS3ANetwork::ResolveHostName failed error: 11004 (Poadovan nzov je platn, no nenali sa iadne daje poadovanho typu. ) 11004
2017-01-14 19:53:24.833067|ERROR   |              |   |TS3ANetwork::ResolveHostName failed error: 11004 (Poadovan nzov je platn, no nenali sa iadne daje poadovanho typu. ) 11004
2017-01-14 19:53:24.837067|ERROR   |              |   |TS3ANetwork::ResolveHostName failed error: 11004 (Poadovan nzov je platn, no nenali sa iadne daje poadovanho typu. ) 11004
2017-01-14 19:53:24.842067|ERROR   |              |   |TS3ANetwork::ResolveHostName failed error: 11004 (Poadovan nzov je platn, no nenali sa iadne daje poadovanho typu. ) 11004
2017-01-14 19:53:24.847067|ERROR   |              |   |TS3ANetwork::ResolveHostName failed error: 11004 (Poadovan nzov je platn, no nenali sa iadne daje poadovanho typu. ) 11004
2017-01-14 19:53:24.847067|ERROR   |              |   |Could not open/bind UDP connection on 0.0.0.0 for weblist. Using default
2017-01-14 19:53:24.950073|ERROR   |              |   |TS3ANetwork::ResolveHostName failed error: 11004 (Poadovan nzov je platn, no nenali sa iadne daje poadovanho typu. ) 11004
