2017-01-16 12:43:42.892739|INFO    |ServerLibPriv |   |TeamSpeak 3 Server 3.0.13.4 (2016-08-29 12:39:04)
2017-01-16 12:43:42.897739|INFO    |ServerLibPriv |   |SystemInformation: Windows 7 SP1 (7601) x64 (AMD or Intel) Binary: 64bit
2017-01-16 12:43:42.897739|INFO    |ServerLibPriv |   |Using hardware aes
2017-01-16 12:43:42.911740|INFO    |DatabaseQuery |   |dbPlugin name:    SQLite3 plugin, Version 3, (c)TeamSpeak Systems GmbH
2017-01-16 12:43:42.911740|INFO    |DatabaseQuery |   |dbPlugin version: 3.11.1
2017-01-16 12:43:42.921741|INFO    |DatabaseQuery |   |checking database integrity (may take a while)
2017-01-16 12:43:42.989745|WARNING |Accounting    |   |Unable to find valid license key, falling back to limited functionality
2017-01-16 12:43:44.211815|INFO    |              |   |Puzzle precompute time: 1051
2017-01-16 12:43:44.218815|INFO    |FileManager   |   |listening on 0.0.0.0:30033, :::30033
2017-01-16 12:43:44.231816|ERROR   |              |   |TS3ANetwork::ResolveHostName failed error: 11001 (iadny takto hostite nie je znmy. ) 11001
2017-01-16 12:43:44.231816|ERROR   |              |   |Could not open default UDP connection for weblist
2017-01-16 12:43:44.303820|INFO    |CIDRManager   |   |updated query_ip_whitelist ips: 127.0.0.1/32, ::1/128, 
2017-01-16 12:43:44.304820|INFO    |Query         |   |listening on 0.0.0.0:10011, :::10011
2017-01-16 12:43:44.328821|ERROR   |              |   |TS3ANetwork::ResolveHostName failed error: 11001 (iadny takto hostite nie je znmy. ) 11001
2017-01-16 12:43:44.354823|ERROR   |              |   |TS3ANetwork::ResolveHostName failed error: 11001 (iadny takto hostite nie je znmy. ) 11001
2017-01-16 12:43:44.386825|ERROR   |              |   |TS3ANetwork::ResolveHostName failed error: 11001 (iadny takto hostite nie je znmy. ) 11001
2017-01-16 12:43:44.401825|ERROR   |              |   |TS3ANetwork::ResolveHostName failed error: 11001 (iadny takto hostite nie je znmy. ) 11001
2017-01-16 12:43:44.402826|ERROR   |              |   |TS3ANetwork::ResolveHostName failed error: 11001 (iadny takto hostite nie je znmy. ) 11001
2017-01-16 12:43:44.440828|ERROR   |              |   |TS3ANetwork::ResolveHostName failed error: 11001 (iadny takto hostite nie je znmy. ) 11001
2017-01-16 12:43:44.440828|ERROR   |              |   |TS3ANetwork::ResolveHostName failed error: 11001 (iadny takto hostite nie je znmy. ) 11001
2017-01-16 12:43:44.440828|ERROR   |              |   |TS3ANetwork::ResolveHostName failed error: 11001 (iadny takto hostite nie je znmy. ) 11001
2017-01-16 12:43:44.441828|ERROR   |              |   |TS3ANetwork::ResolveHostName failed error: 11001 (iadny takto hostite nie je znmy. ) 11001
2017-01-16 12:43:44.441828|ERROR   |              |   |TS3ANetwork::ResolveHostName failed error: 11001 (iadny takto hostite nie je znmy. ) 11001
2017-01-16 12:43:44.441828|ERROR   |              |   |TS3ANetwork::ResolveHostName failed error: 11001 (iadny takto hostite nie je znmy. ) 11001
2017-01-16 12:43:44.451828|ERROR   |              |   |TS3ANetwork::ResolveHostName failed error: 11001 (iadny takto hostite nie je znmy. ) 11001
2017-01-16 12:43:44.453828|ERROR   |              |   |TS3ANetwork::ResolveHostName failed error: 11001 (iadny takto hostite nie je znmy. ) 11001
2017-01-16 12:43:44.454829|ERROR   |              |   |TS3ANetwork::ResolveHostName failed error: 11001 (iadny takto hostite nie je znmy. ) 11001
2017-01-16 12:43:44.454829|ERROR   |              |   |TS3ANetwork::ResolveHostName failed error: 11001 (iadny takto hostite nie je znmy. ) 11001
2017-01-16 12:43:44.454829|ERROR   |              |   |TS3ANetwork::ResolveHostName failed error: 11001 (iadny takto hostite nie je znmy. ) 11001
2017-01-16 12:43:44.457829|ERROR   |              |   |TS3ANetwork::ResolveHostName failed error: 11001 (iadny takto hostite nie je znmy. ) 11001
2017-01-16 12:43:44.462829|ERROR   |              |   |TS3ANetwork::ResolveHostName failed error: 11001 (iadny takto hostite nie je znmy. ) 11001
2017-01-16 12:43:44.465829|ERROR   |              |   |TS3ANetwork::ResolveHostName failed error: 11001 (iadny takto hostite nie je znmy. ) 11001
2017-01-16 12:43:44.465829|ERROR   |              |   |TS3ANetwork::ResolveHostName failed error: 11001 (iadny takto hostite nie je znmy. ) 11001
2017-01-16 12:43:44.465829|ERROR   |              |   |TS3ANetwork::ResolveHostName failed error: 11001 (iadny takto hostite nie je znmy. ) 11001
2017-01-16 12:43:44.465829|ERROR   |              |   |TS3ANetwork::ResolveHostName failed error: 11001 (iadny takto hostite nie je znmy. ) 11001
2017-01-16 12:43:44.465829|ERROR   |              |   |TS3ANetwork::ResolveHostName failed error: 11001 (iadny takto hostite nie je znmy. ) 11001
2017-01-16 12:43:44.478830|ERROR   |              |   |TS3ANetwork::ResolveHostName failed error: 11001 (iadny takto hostite nie je znmy. ) 11001
2017-01-16 12:43:44.498831|ERROR   |              |   |TS3ANetwork::ResolveHostName failed error: 11001 (iadny takto hostite nie je znmy. ) 11001
2017-01-16 12:43:44.498831|ERROR   |              |   |TS3ANetwork::ResolveHostName failed error: 11001 (iadny takto hostite nie je znmy. ) 11001
2017-01-16 12:43:44.498831|ERROR   |              |   |TS3ANetwork::ResolveHostName failed error: 11001 (iadny takto hostite nie je znmy. ) 11001
2017-01-16 12:43:44.498831|ERROR   |              |   |TS3ANetwork::ResolveHostName failed error: 11001 (iadny takto hostite nie je znmy. ) 11001
2017-01-16 12:43:44.498831|ERROR   |              |   |TS3ANetwork::ResolveHostName failed error: 11001 (iadny takto hostite nie je znmy. ) 11001
2017-01-16 12:43:44.498831|ERROR   |              |   |TS3ANetwork::ResolveHostName failed error: 11001 (iadny takto hostite nie je znmy. ) 11001
2017-01-16 12:43:44.499831|ERROR   |              |   |TS3ANetwork::ResolveHostName failed error: 11001 (iadny takto hostite nie je znmy. ) 11001
2017-01-16 12:43:44.499831|ERROR   |              |   |TS3ANetwork::ResolveHostName failed error: 11001 (iadny takto hostite nie je znmy. ) 11001
2017-01-16 12:43:44.500831|ERROR   |              |   |TS3ANetwork::ResolveHostName failed error: 11001 (iadny takto hostite nie je znmy. ) 11001
2017-01-16 12:43:44.500831|ERROR   |              |   |TS3ANetwork::ResolveHostName failed error: 11001 (iadny takto hostite nie je znmy. ) 11001
2017-01-16 12:43:44.500831|ERROR   |              |   |TS3ANetwork::ResolveHostName failed error: 11001 (iadny takto hostite nie je znmy. ) 11001
2017-01-16 12:43:44.500831|ERROR   |              |   |TS3ANetwork::ResolveHostName failed error: 11001 (iadny takto hostite nie je znmy. ) 11001
2017-01-16 12:43:44.500831|ERROR   |              |   |TS3ANetwork::ResolveHostName failed error: 11001 (iadny takto hostite nie je znmy. ) 11001
2017-01-16 12:43:44.500831|ERROR   |              |   |TS3ANetwork::ResolveHostName failed error: 11001 (iadny takto hostite nie je znmy. ) 11001
2017-01-16 12:43:44.500831|ERROR   |              |   |TS3ANetwork::ResolveHostName failed error: 11001 (iadny takto hostite nie je znmy. ) 11001
2017-01-16 12:43:44.501831|ERROR   |              |   |TS3ANetwork::ResolveHostName failed error: 11001 (iadny takto hostite nie je znmy. ) 11001
2017-01-16 12:43:44.501831|ERROR   |              |   |TS3ANetwork::ResolveHostName failed error: 11001 (iadny takto hostite nie je znmy. ) 11001
2017-01-16 12:43:44.501831|ERROR   |              |   |TS3ANetwork::ResolveHostName failed error: 11001 (iadny takto hostite nie je znmy. ) 11001
2017-01-16 12:43:44.501831|ERROR   |              |   |TS3ANetwork::ResolveHostName failed error: 11001 (iadny takto hostite nie je znmy. ) 11001
2017-01-16 12:43:44.501831|ERROR   |              |   |TS3ANetwork::ResolveHostName failed error: 11001 (iadny takto hostite nie je znmy. ) 11001
2017-01-16 12:43:44.502831|ERROR   |              |   |TS3ANetwork::ResolveHostName failed error: 11001 (iadny takto hostite nie je znmy. ) 11001
2017-01-16 12:43:44.515832|ERROR   |              |   |TS3ANetwork::ResolveHostName failed error: 11001 (iadny takto hostite nie je znmy. ) 11001
2017-01-16 12:43:44.516832|ERROR   |              |   |TS3ANetwork::ResolveHostName failed error: 11001 (iadny takto hostite nie je znmy. ) 11001
2017-01-16 12:43:44.516832|ERROR   |              |   |TS3ANetwork::ResolveHostName failed error: 11001 (iadny takto hostite nie je znmy. ) 11001
2017-01-16 12:43:44.516832|ERROR   |              |   |TS3ANetwork::ResolveHostName failed error: 11001 (iadny takto hostite nie je znmy. ) 11001
2017-01-16 12:43:44.516832|ERROR   |              |   |TS3ANetwork::ResolveHostName failed error: 11001 (iadny takto hostite nie je znmy. ) 11001
2017-01-16 12:43:44.516832|ERROR   |              |   |TS3ANetwork::ResolveHostName failed error: 11001 (iadny takto hostite nie je znmy. ) 11001
2017-01-16 12:43:44.517832|ERROR   |              |   |TS3ANetwork::ResolveHostName failed error: 11001 (iadny takto hostite nie je znmy. ) 11001
2017-01-16 12:43:44.517832|ERROR   |              |   |TS3ANetwork::ResolveHostName failed error: 11001 (iadny takto hostite nie je znmy. ) 11001
2017-01-16 12:43:44.518832|ERROR   |              |   |TS3ANetwork::ResolveHostName failed error: 11001 (iadny takto hostite nie je znmy. ) 11001
2017-01-16 12:43:44.521832|ERROR   |              |   |TS3ANetwork::ResolveHostName failed error: 11001 (iadny takto hostite nie je znmy. ) 11001
2017-01-16 12:43:44.522832|ERROR   |              |   |TS3ANetwork::ResolveHostName failed error: 11001 (iadny takto hostite nie je znmy. ) 11001
2017-01-16 12:43:44.525833|ERROR   |              |   |TS3ANetwork::ResolveHostName failed error: 11001 (iadny takto hostite nie je znmy. ) 11001
2017-01-16 12:43:44.526833|ERROR   |              |   |TS3ANetwork::ResolveHostName failed error: 11001 (iadny takto hostite nie je znmy. ) 11001
2017-01-16 12:43:44.526833|ERROR   |              |   |TS3ANetwork::ResolveHostName failed error: 11001 (iadny takto hostite nie je znmy. ) 11001
2017-01-16 12:43:44.527833|ERROR   |              |   |TS3ANetwork::ResolveHostName failed error: 11001 (iadny takto hostite nie je znmy. ) 11001
2017-01-16 12:43:44.527833|ERROR   |              |   |TS3ANetwork::ResolveHostName failed error: 11001 (iadny takto hostite nie je znmy. ) 11001
2017-01-16 12:43:44.528833|ERROR   |              |   |TS3ANetwork::ResolveHostName failed error: 11001 (iadny takto hostite nie je znmy. ) 11001
2017-01-16 12:43:44.528833|ERROR   |              |   |TS3ANetwork::ResolveHostName failed error: 11001 (iadny takto hostite nie je znmy. ) 11001
2017-01-16 12:43:44.528833|ERROR   |              |   |TS3ANetwork::ResolveHostName failed error: 11001 (iadny takto hostite nie je znmy. ) 11001
2017-01-16 12:43:44.528833|ERROR   |              |   |TS3ANetwork::ResolveHostName failed error: 11001 (iadny takto hostite nie je znmy. ) 11001
2017-01-16 12:43:44.529833|ERROR   |              |   |TS3ANetwork::ResolveHostName failed error: 11001 (iadny takto hostite nie je znmy. ) 11001
2017-01-16 12:43:44.529833|ERROR   |              |   |TS3ANetwork::ResolveHostName failed error: 11001 (iadny takto hostite nie je znmy. ) 11001
2017-01-16 12:43:44.529833|ERROR   |              |   |TS3ANetwork::ResolveHostName failed error: 11001 (iadny takto hostite nie je znmy. ) 11001
2017-01-16 12:43:44.529833|ERROR   |              |   |TS3ANetwork::ResolveHostName failed error: 11001 (iadny takto hostite nie je znmy. ) 11001
2017-01-16 12:43:44.530833|ERROR   |              |   |TS3ANetwork::ResolveHostName failed error: 11001 (iadny takto hostite nie je znmy. ) 11001
2017-01-16 12:43:44.530833|ERROR   |              |   |TS3ANetwork::ResolveHostName failed error: 11001 (iadny takto hostite nie je znmy. ) 11001
2017-01-16 12:43:44.531833|ERROR   |              |   |TS3ANetwork::ResolveHostName failed error: 11001 (iadny takto hostite nie je znmy. ) 11001
2017-01-16 12:43:44.531833|ERROR   |              |   |TS3ANetwork::ResolveHostName failed error: 11001 (iadny takto hostite nie je znmy. ) 11001
2017-01-16 12:43:44.532833|ERROR   |              |   |TS3ANetwork::ResolveHostName failed error: 11001 (iadny takto hostite nie je znmy. ) 11001
2017-01-16 12:43:44.533833|ERROR   |              |   |TS3ANetwork::ResolveHostName failed error: 11001 (iadny takto hostite nie je znmy. ) 11001
2017-01-16 12:43:44.534833|ERROR   |              |   |TS3ANetwork::ResolveHostName failed error: 11001 (iadny takto hostite nie je znmy. ) 11001
2017-01-16 12:43:44.535833|ERROR   |              |   |TS3ANetwork::ResolveHostName failed error: 11001 (iadny takto hostite nie je znmy. ) 11001
2017-01-16 12:43:44.536833|ERROR   |              |   |TS3ANetwork::ResolveHostName failed error: 11001 (iadny takto hostite nie je znmy. ) 11001
2017-01-16 12:43:44.536833|ERROR   |              |   |TS3ANetwork::ResolveHostName failed error: 11001 (iadny takto hostite nie je znmy. ) 11001
2017-01-16 12:43:44.536833|ERROR   |              |   |TS3ANetwork::ResolveHostName failed error: 11001 (iadny takto hostite nie je znmy. ) 11001
2017-01-16 12:43:44.536833|ERROR   |              |   |TS3ANetwork::ResolveHostName failed error: 11001 (iadny takto hostite nie je znmy. ) 11001
2017-01-16 12:43:44.536833|ERROR   |              |   |TS3ANetwork::ResolveHostName failed error: 11001 (iadny takto hostite nie je znmy. ) 11001
2017-01-16 12:43:44.537833|ERROR   |              |   |TS3ANetwork::ResolveHostName failed error: 11001 (iadny takto hostite nie je znmy. ) 11001
2017-01-16 12:43:44.537833|ERROR   |              |   |TS3ANetwork::ResolveHostName failed error: 11001 (iadny takto hostite nie je znmy. ) 11001
2017-01-16 12:43:44.538833|ERROR   |              |   |TS3ANetwork::ResolveHostName failed error: 11001 (iadny takto hostite nie je znmy. ) 11001
2017-01-16 12:43:44.538833|ERROR   |              |   |TS3ANetwork::ResolveHostName failed error: 11001 (iadny takto hostite nie je znmy. ) 11001
2017-01-16 12:43:44.538833|ERROR   |              |   |TS3ANetwork::ResolveHostName failed error: 11001 (iadny takto hostite nie je znmy. ) 11001
2017-01-16 12:43:44.538833|ERROR   |              |   |TS3ANetwork::ResolveHostName failed error: 11001 (iadny takto hostite nie je znmy. ) 11001
2017-01-16 12:43:44.539833|ERROR   |              |   |TS3ANetwork::ResolveHostName failed error: 11001 (iadny takto hostite nie je znmy. ) 11001
2017-01-16 12:43:44.539833|ERROR   |              |   |TS3ANetwork::ResolveHostName failed error: 11001 (iadny takto hostite nie je znmy. ) 11001
2017-01-16 12:43:44.539833|ERROR   |              |   |TS3ANetwork::ResolveHostName failed error: 11001 (iadny takto hostite nie je znmy. ) 11001
2017-01-16 12:43:44.540833|ERROR   |              |   |TS3ANetwork::ResolveHostName failed error: 11001 (iadny takto hostite nie je znmy. ) 11001
2017-01-16 12:43:44.540833|ERROR   |              |   |TS3ANetwork::ResolveHostName failed error: 11001 (iadny takto hostite nie je znmy. ) 11001
2017-01-16 12:43:44.541833|ERROR   |              |   |TS3ANetwork::ResolveHostName failed error: 11001 (iadny takto hostite nie je znmy. ) 11001
2017-01-16 12:43:44.541833|ERROR   |              |   |TS3ANetwork::ResolveHostName failed error: 11001 (iadny takto hostite nie je znmy. ) 11001
2017-01-16 12:43:44.541833|ERROR   |              |   |TS3ANetwork::ResolveHostName failed error: 11001 (iadny takto hostite nie je znmy. ) 11001
2017-01-16 12:43:44.542834|ERROR   |              |   |TS3ANetwork::ResolveHostName failed error: 11001 (iadny takto hostite nie je znmy. ) 11001
2017-01-16 12:43:44.542834|ERROR   |              |   |TS3ANetwork::ResolveHostName failed error: 11001 (iadny takto hostite nie je znmy. ) 11001
2017-01-16 12:43:44.542834|ERROR   |              |   |TS3ANetwork::ResolveHostName failed error: 11001 (iadny takto hostite nie je znmy. ) 11001
2017-01-16 12:43:44.542834|ERROR   |              |   |Could not open/bind UDP connection on 0.0.0.0 for weblist. Using default
2017-01-16 12:43:44.728844|ERROR   |              |   |TS3ANetwork::ResolveHostName failed error: 11001 (iadny takto hostite nie je znmy. ) 11001
